10:36 INFO    : Waveform generator initiated with
  frequency_domain_source_model: bilby.gw.source.lal_binary_neutron_star
  time_domain_source_model: None
  parameter_conversion: bilby.gw.conversion.convert_to_lal_binary_neutron_star_parameters
10:36 INFO    : Injected signal in H1:
10:36 INFO    :   optimal SNR = 8.61
10:36 INFO    :   matched filter SNR = 9.94+0.42j
10:36 INFO    :   mass_1 = 1.5
10:36 INFO    :   mass_2 = 1.3
10:36 INFO    :   chi_1 = 0.02
10:36 INFO    :   chi_2 = 0.02
10:36 INFO    :   luminosity_distance = 200.0
10:36 INFO    :   theta_jn = 0.4
10:36 INFO    :   psi = 2.659
10:36 INFO    :   phase = 1.3
10:36 INFO    :   geocent_time = 1126259642.413
10:36 INFO    :   ra = 1.375
10:36 INFO    :   dec = -1.2108
10:36 INFO    :   lambda_1 = 342.4622864681741
10:36 INFO    :   lambda_2 = 779.6186030639271
10:36 INFO    : Injected signal in L1:
10:36 INFO    :   optimal SNR = 6.97
10:36 INFO    :   matched filter SNR = 7.47+1.42j
10:36 INFO    :   mass_1 = 1.5
10:36 INFO    :   mass_2 = 1.3
10:36 INFO    :   chi_1 = 0.02
10:36 INFO    :   chi_2 = 0.02
10:36 INFO    :   luminosity_distance = 200.0
10:36 INFO    :   theta_jn = 0.4
10:36 INFO    :   psi = 2.659
10:36 INFO    :   phase = 1.3
10:36 INFO    :   geocent_time = 1126259642.413
10:36 INFO    :   ra = 1.375
10:36 INFO    :   dec = -1.2108
10:36 INFO    :   lambda_1 = 342.4622864681741
10:36 INFO    :   lambda_2 = 779.6186030639271
10:36 INFO    : Injected signal in V1:
10:36 INFO    :   optimal SNR = 7.39
10:36 INFO    :   matched filter SNR = 7.77+0.53j
10:36 INFO    :   mass_1 = 1.5
10:36 INFO    :   mass_2 = 1.3
10:36 INFO    :   chi_1 = 0.02
10:36 INFO    :   chi_2 = 0.02
10:36 INFO    :   luminosity_distance = 200.0
10:36 INFO    :   theta_jn = 0.4
10:36 INFO    :   psi = 2.659
10:36 INFO    :   phase = 1.3
10:36 INFO    :   geocent_time = 1126259642.413
10:36 INFO    :   ra = 1.375
10:36 INFO    :   dec = -1.2108
10:36 INFO    :   lambda_1 = 342.4622864681741
10:36 INFO    :   lambda_2 = 779.6186030639271
10:36 INFO    : No prior given, using default BNS priors in /home/iuliu/anaconda3/envs/work/lib/python3.9/site-packages/bilby/gw/prior_files/aligned_spins_bns_tides_on.prior.
10:36 INFO    : Running for label 'bns_inference_17.0', output will be saved to 'outdir'
10:36 INFO    : Performing redundancy check using BBHPriorDict(self).test_redundancy
10:36 INFO    : Performing redundancy check using BBHPriorDict(self).test_redundancy
10:36 INFO    : Performing redundancy check using BBHPriorDict(self).test_redundancy
10:36 INFO    : Performing redundancy check using BBHPriorDict(self).test_redundancy
10:36 INFO    : Performing redundancy check using BBHPriorDict(self).test_redundancy
10:36 INFO    : Performing redundancy check using BBHPriorDict(self).test_redundancy
10:36 INFO    : Performing redundancy check using BBHPriorDict(self).test_redundancy
10:36 INFO    : Performing redundancy check using BBHPriorDict(self).test_redundancy
10:36 INFO    : Performing redundancy check using BBHPriorDict(self).test_redundancy
10:36 INFO    : Performing redundancy check using BBHPriorDict(self).test_redundancy
10:36 INFO    : Performing redundancy check using BBHPriorDict(self).test_redundancy
10:36 INFO    : Performing redundancy check using BBHPriorDict(self).test_redundancy
10:36 INFO    : Performing redundancy check using BBHPriorDict(self).test_redundancy
10:36 INFO    : Performing redundancy check using BBHPriorDict(self).test_redundancy
10:36 INFO    : Using lal version 7.1.7
10:36 INFO    : Using lal git version Branch: None;Tag: lalsuite-v7.5;Id: bd2ad8ca448e9761e3010e519a656789332ea28a;;Builder: Unknown User <>;Repository status: CLEAN: All modifications committed
10:36 INFO    : Using lalsimulation version 3.1.2
10:36 INFO    : Using lalsimulation git version Branch: None;Tag: lalsuite-v7.5;Id: bd2ad8ca448e9761e3010e519a656789332ea28a;;Builder: Unknown User <>;Repository status: CLEAN: All modifications committed
10:36 INFO    : Search parameters:
10:36 INFO    :   chirp_mass = Uniform(minimum=0.4, maximum=4.4, name='chirp_mass', latex_label='$\\mathcal{M}$', unit=None, boundary=None)
10:36 INFO    :   lambda_1 = Uniform(minimum=0, maximum=5000, name='lambda_1', latex_label='$\\Lambda_1$', unit=None, boundary=None)
10:36 INFO    :   lambda_2 = Uniform(minimum=0, maximum=5000, name='lambda_2', latex_label='$\\Lambda_2$', unit=None, boundary=None)
10:36 INFO    :   eos_check = EOSCheck(minimum=-inf, maximum=inf)
10:36 INFO    :   luminosity_distance = 200.0
10:36 INFO    :   dec = -1.2108
10:36 INFO    :   ra = 1.375
10:36 INFO    :   theta_jn = 0.4
10:36 INFO    :   psi = 2.659
10:36 INFO    :   phase = 1.3
10:36 INFO    :   chi_1 = 0.02
10:36 INFO    :   chi_2 = 0.02
10:36 INFO    :   geocent_time = 1126259642.413
10:36 INFO    :   mass_ratio = 0.8666666666666667
10:36 INFO    : Single likelihood evaluation took 5.469e-02 s
10:36 INFO    : Checkpoint every check_point_delta_t = 600s
10:36 WARNING : Using cached result
10:36 INFO    : Generating sky frame parameters.
10:36 INFO    : Computing SNRs for every sample.
10:36 INFO    : Using a pool with size 8 for nsamples=2644
10:37 INFO    : Summary of results:
nsamples: 2644
ln_noise_evidence: -94476.784
ln_evidence: -94483.274 +/-  0.393
ln_bayes_factor: -6.490 +/-  0.393

10:50 INFO    : Waveform generator initiated with
  frequency_domain_source_model: bilby.gw.source.lal_binary_neutron_star
  time_domain_source_model: None
  parameter_conversion: bilby.gw.conversion.convert_to_lal_binary_neutron_star_parameters
10:50 INFO    : Injected signal in H1:
10:50 INFO    :   optimal SNR = 8.61
10:50 INFO    :   matched filter SNR = 9.94+0.42j
10:50 INFO    :   mass_1 = 1.5
10:50 INFO    :   mass_2 = 1.3
10:50 INFO    :   chi_1 = 0.02
10:50 INFO    :   chi_2 = 0.02
10:50 INFO    :   luminosity_distance = 200.0
10:50 INFO    :   theta_jn = 0.4
10:50 INFO    :   psi = 2.659
10:50 INFO    :   phase = 1.3
10:50 INFO    :   geocent_time = 1126259642.413
10:50 INFO    :   ra = 1.375
10:50 INFO    :   dec = -1.2108
10:50 INFO    :   lambda_1 = 342.4622864681741
10:50 INFO    :   lambda_2 = 779.6186030639271
10:50 INFO    : Injected signal in L1:
10:50 INFO    :   optimal SNR = 6.97
10:50 INFO    :   matched filter SNR = 7.47+1.42j
10:50 INFO    :   mass_1 = 1.5
10:50 INFO    :   mass_2 = 1.3
10:50 INFO    :   chi_1 = 0.02
10:50 INFO    :   chi_2 = 0.02
10:50 INFO    :   luminosity_distance = 200.0
10:50 INFO    :   theta_jn = 0.4
10:50 INFO    :   psi = 2.659
10:50 INFO    :   phase = 1.3
10:50 INFO    :   geocent_time = 1126259642.413
10:50 INFO    :   ra = 1.375
10:50 INFO    :   dec = -1.2108
10:50 INFO    :   lambda_1 = 342.4622864681741
10:50 INFO    :   lambda_2 = 779.6186030639271
10:50 INFO    : Injected signal in V1:
10:50 INFO    :   optimal SNR = 7.39
10:50 INFO    :   matched filter SNR = 7.77+0.53j
10:50 INFO    :   mass_1 = 1.5
10:50 INFO    :   mass_2 = 1.3
10:50 INFO    :   chi_1 = 0.02
10:50 INFO    :   chi_2 = 0.02
10:50 INFO    :   luminosity_distance = 200.0
10:50 INFO    :   theta_jn = 0.4
10:50 INFO    :   psi = 2.659
10:50 INFO    :   phase = 1.3
10:50 INFO    :   geocent_time = 1126259642.413
10:50 INFO    :   ra = 1.375
10:50 INFO    :   dec = -1.2108
10:50 INFO    :   lambda_1 = 342.4622864681741
10:50 INFO    :   lambda_2 = 779.6186030639271
10:54 INFO    : No prior given, using default BNS priors in /home/iuliu/anaconda3/envs/work/lib/python3.9/site-packages/bilby/gw/prior_files/aligned_spins_bns_tides_on.prior.
10:55 INFO    : No prior given, using default BNS priors in /home/iuliu/anaconda3/envs/work/lib/python3.9/site-packages/bilby/gw/prior_files/aligned_spins_bns_tides_on.prior.
10:55 INFO    : Running for label 'bns_inference_18.0', output will be saved to 'outdir'
10:55 INFO    : Performing redundancy check using BBHPriorDict(self).test_redundancy
10:55 INFO    : Performing redundancy check using BBHPriorDict(self).test_redundancy
10:55 INFO    : Performing redundancy check using BBHPriorDict(self).test_redundancy
10:55 INFO    : Performing redundancy check using BBHPriorDict(self).test_redundancy
10:55 INFO    : Performing redundancy check using BBHPriorDict(self).test_redundancy
10:55 INFO    : Performing redundancy check using BBHPriorDict(self).test_redundancy
10:55 INFO    : Performing redundancy check using BBHPriorDict(self).test_redundancy
10:55 INFO    : Performing redundancy check using BBHPriorDict(self).test_redundancy
10:55 INFO    : Performing redundancy check using BBHPriorDict(self).test_redundancy
10:55 INFO    : Performing redundancy check using BBHPriorDict(self).test_redundancy
10:55 INFO    : Performing redundancy check using BBHPriorDict(self).test_redundancy
10:55 INFO    : Performing redundancy check using BBHPriorDict(self).test_redundancy
10:55 INFO    : Performing redundancy check using BBHPriorDict(self).test_redundancy
10:55 INFO    : Performing redundancy check using BBHPriorDict(self).test_redundancy
10:55 INFO    : Performing redundancy check using BBHPriorDict(self).test_redundancy
10:55 INFO    : Using lal version 7.1.7
10:55 INFO    : Using lal git version Branch: None;Tag: lalsuite-v7.5;Id: bd2ad8ca448e9761e3010e519a656789332ea28a;;Builder: Unknown User <>;Repository status: CLEAN: All modifications committed
10:55 INFO    : Using lalsimulation version 3.1.2
10:55 INFO    : Using lalsimulation git version Branch: None;Tag: lalsuite-v7.5;Id: bd2ad8ca448e9761e3010e519a656789332ea28a;;Builder: Unknown User <>;Repository status: CLEAN: All modifications committed
10:55 INFO    : Search parameters:
10:55 INFO    :   chirp_mass = Uniform(minimum=0.4, maximum=3.4, name='chirp_mass', latex_label='$\\mathcal{M}$', unit='$M_{\\odot}$', boundary=None)
10:55 INFO    :   lambda_1 = Uniform(minimum=0, maximum=2000, name='lambda_1', latex_label='$\\Lambda_1$', unit=None, boundary=None)
10:55 INFO    :   lambda_2 = Uniform(minimum=0, maximum=2000, name='lambda_2', latex_label='$\\Lambda_2$', unit=None, boundary=None)
10:55 INFO    :   symmetric_mass_ratio = Uniform(minimum=0.1, maximum=0.4, name='symmetric_mass_ratio', latex_label='$\\eta$', unit=None, boundary=None)
10:55 INFO    :   eos_check = EOSCheck(minimum=-inf, maximum=inf)
10:55 INFO    :   luminosity_distance = 200.0
10:55 INFO    :   dec = -1.2108
10:55 INFO    :   ra = 1.375
10:55 INFO    :   theta_jn = 0.4
10:55 INFO    :   psi = 2.659
10:55 INFO    :   phase = 1.3
10:55 INFO    :   chi_1 = 0.02
10:55 INFO    :   chi_2 = 0.02
10:55 INFO    :   geocent_time = 1126259642.413
10:55 INFO    :   mass_ratio = 0.8666666666666667
10:55 WARNING : {'symmetric_mass_ratio', 'chirp_mass'} already in prior. This may lead to unexpected behaviour.
10:55 WARNING : mass_ratio is a redundant key in this BNSPriorDict.
10:56 INFO    : No prior given, using default BNS priors in /home/iuliu/anaconda3/envs/work/lib/python3.9/site-packages/bilby/gw/prior_files/aligned_spins_bns_tides_on.prior.
10:56 INFO    : Running for label 'bns_inference_18.0', output will be saved to 'outdir'
10:56 INFO    : Performing redundancy check using BBHPriorDict(self).test_redundancy
10:56 INFO    : Performing redundancy check using BBHPriorDict(self).test_redundancy
10:56 INFO    : Performing redundancy check using BBHPriorDict(self).test_redundancy
10:56 INFO    : Performing redundancy check using BBHPriorDict(self).test_redundancy
10:56 INFO    : Performing redundancy check using BBHPriorDict(self).test_redundancy
10:56 INFO    : Performing redundancy check using BBHPriorDict(self).test_redundancy
10:56 INFO    : Performing redundancy check using BBHPriorDict(self).test_redundancy
10:56 INFO    : Performing redundancy check using BBHPriorDict(self).test_redundancy
10:56 INFO    : Performing redundancy check using BBHPriorDict(self).test_redundancy
10:56 INFO    : Performing redundancy check using BBHPriorDict(self).test_redundancy
10:56 INFO    : Performing redundancy check using BBHPriorDict(self).test_redundancy
10:56 INFO    : Performing redundancy check using BBHPriorDict(self).test_redundancy
10:56 INFO    : Performing redundancy check using BBHPriorDict(self).test_redundancy
10:56 INFO    : Performing redundancy check using BBHPriorDict(self).test_redundancy
10:56 INFO    : Using lal version 7.1.7
10:56 INFO    : Using lal git version Branch: None;Tag: lalsuite-v7.5;Id: bd2ad8ca448e9761e3010e519a656789332ea28a;;Builder: Unknown User <>;Repository status: CLEAN: All modifications committed
10:56 INFO    : Using lalsimulation version 3.1.2
10:56 INFO    : Using lalsimulation git version Branch: None;Tag: lalsuite-v7.5;Id: bd2ad8ca448e9761e3010e519a656789332ea28a;;Builder: Unknown User <>;Repository status: CLEAN: All modifications committed
10:56 INFO    : Search parameters:
10:56 INFO    :   chirp_mass = Uniform(minimum=0.4, maximum=3.4, name='chirp_mass', latex_label='$\\mathcal{M}$', unit='$M_{\\odot}$', boundary=None)
10:56 INFO    :   lambda_1 = Uniform(minimum=0, maximum=2000, name='lambda_1', latex_label='$\\Lambda_1$', unit=None, boundary=None)
10:56 INFO    :   lambda_2 = Uniform(minimum=0, maximum=2000, name='lambda_2', latex_label='$\\Lambda_2$', unit=None, boundary=None)
10:56 INFO    :   symmetric_mass_ratio = Uniform(minimum=0.1, maximum=0.4, name='symmetric_mass_ratio', latex_label='$\\eta$', unit=None, boundary=None)
10:56 INFO    :   eos_check = EOSCheck(minimum=-inf, maximum=inf)
10:56 INFO    :   luminosity_distance = 200.0
10:56 INFO    :   dec = -1.2108
10:56 INFO    :   ra = 1.375
10:56 INFO    :   theta_jn = 0.4
10:56 INFO    :   psi = 2.659
10:56 INFO    :   phase = 1.3
10:56 INFO    :   chi_1 = 0.02
10:56 INFO    :   chi_2 = 0.02
10:56 INFO    :   geocent_time = 1126259642.413
10:57 INFO    : No prior given, using default BNS priors in /home/iuliu/anaconda3/envs/work/lib/python3.9/site-packages/bilby/gw/prior_files/aligned_spins_bns_tides_on.prior.
10:57 INFO    : Running for label 'bns_inference_18.0', output will be saved to 'outdir'
10:57 INFO    : Performing redundancy check using BBHPriorDict(self).test_redundancy
10:57 INFO    : Performing redundancy check using BBHPriorDict(self).test_redundancy
10:57 INFO    : Performing redundancy check using BBHPriorDict(self).test_redundancy
10:57 INFO    : Performing redundancy check using BBHPriorDict(self).test_redundancy
10:57 INFO    : Performing redundancy check using BBHPriorDict(self).test_redundancy
10:57 INFO    : Performing redundancy check using BBHPriorDict(self).test_redundancy
10:57 INFO    : Performing redundancy check using BBHPriorDict(self).test_redundancy
10:57 INFO    : Performing redundancy check using BBHPriorDict(self).test_redundancy
10:57 INFO    : Performing redundancy check using BBHPriorDict(self).test_redundancy
10:57 INFO    : Performing redundancy check using BBHPriorDict(self).test_redundancy
10:57 INFO    : Performing redundancy check using BBHPriorDict(self).test_redundancy
10:57 INFO    : Performing redundancy check using BBHPriorDict(self).test_redundancy
10:57 INFO    : Performing redundancy check using BBHPriorDict(self).test_redundancy
10:57 INFO    : Performing redundancy check using BBHPriorDict(self).test_redundancy
10:57 INFO    : Using lal version 7.1.7
10:57 INFO    : Using lal git version Branch: None;Tag: lalsuite-v7.5;Id: bd2ad8ca448e9761e3010e519a656789332ea28a;;Builder: Unknown User <>;Repository status: CLEAN: All modifications committed
10:57 INFO    : Using lalsimulation version 3.1.2
10:57 INFO    : Using lalsimulation git version Branch: None;Tag: lalsuite-v7.5;Id: bd2ad8ca448e9761e3010e519a656789332ea28a;;Builder: Unknown User <>;Repository status: CLEAN: All modifications committed
10:57 INFO    : Search parameters:
10:57 INFO    :   chirp_mass = Uniform(minimum=0.4, maximum=3.4, name='chirp_mass', latex_label='$\\mathcal{M}$', unit='$M_{\\odot}$', boundary=None)
10:57 INFO    :   lambda_1 = Uniform(minimum=0, maximum=2000, name='lambda_1', latex_label='$\\Lambda_1$', unit=None, boundary=None)
10:57 INFO    :   lambda_2 = Uniform(minimum=0, maximum=2000, name='lambda_2', latex_label='$\\Lambda_2$', unit=None, boundary=None)
10:57 INFO    :   mass_ratio = Uniform(minimum=0.5, maximum=1, name='mass_ratio', latex_label='$q$', unit=None, boundary=None)
10:57 INFO    :   eos_check = EOSCheck(minimum=-inf, maximum=inf)
10:57 INFO    :   luminosity_distance = 200.0
10:57 INFO    :   dec = -1.2108
10:57 INFO    :   ra = 1.375
10:57 INFO    :   theta_jn = 0.4
10:57 INFO    :   psi = 2.659
10:57 INFO    :   phase = 1.3
10:57 INFO    :   chi_1 = 0.02
10:57 INFO    :   chi_2 = 0.02
10:57 INFO    :   geocent_time = 1126259642.413
10:57 INFO    : Single likelihood evaluation took 5.416e-02 s
10:57 INFO    : Using sampler Dynesty with kwargs {'bound': 'multi', 'sample': 'rwalk', 'verbose': True, 'periodic': None, 'reflective': None, 'check_point_delta_t': 1800, 'nlive': 150, 'first_update': None, 'walks': 50, 'npdim': None, 'rstate': None, 'queue_size': 8, 'pool': None, 'use_pool': None, 'live_points': None, 'logl_args': None, 'logl_kwargs': None, 'ptform_args': None, 'ptform_kwargs': None, 'enlarge': 1.5, 'bootstrap': None, 'vol_dec': 0.5, 'vol_check': 8.0, 'facc': 0.2, 'slices': 5, 'update_interval': 90, 'print_func': <bound method Dynesty._print_func of <bilby.core.sampler.dynesty.Dynesty object at 0x7efcb2bbcdf0>>, 'dlogz': 0.1, 'maxiter': None, 'maxcall': None, 'logl_max': inf, 'add_live': True, 'print_progress': True, 'save_bounds': False, 'n_effective': None, 'maxmcmc': 5000, 'nact': 5, 'print_method': 'tqdm'}
10:57 INFO    : Checkpoint every check_point_delta_t = 600s
10:57 INFO    : Using dynesty version 1.0.1
10:57 INFO    : Using the bilby-implemented rwalk sample method with ACT estimated walks
10:57 INFO    : Setting up multiproccesing pool with 8 processes.
10:57 INFO    : Resume file outdir/bns_inference_18.0_resume.pickle does not exist.
10:57 INFO    : Generating initial points from the prior
