10:27 INFO    : Waveform generator initiated with
  frequency_domain_source_model: bilby.gw.source.lal_binary_neutron_star
  time_domain_source_model: None
  parameter_conversion: bilby.gw.conversion.convert_to_lal_binary_neutron_star_parameters
10:27 INFO    : Injected signal in H1:
10:27 INFO    :   optimal SNR = 8.61
10:27 INFO    :   matched filter SNR = 9.94+0.42j
10:27 INFO    :   mass_1 = 1.5
10:27 INFO    :   mass_2 = 1.3
10:27 INFO    :   chi_1 = 0.02
10:27 INFO    :   chi_2 = 0.02
10:27 INFO    :   luminosity_distance = 200.0
10:27 INFO    :   theta_jn = 0.4
10:27 INFO    :   psi = 2.659
10:27 INFO    :   phase = 1.3
10:27 INFO    :   geocent_time = 1126259642.413
10:27 INFO    :   ra = 1.375
10:27 INFO    :   dec = -1.2108
10:27 INFO    :   lambda_1 = 342.4622864681741
10:27 INFO    :   lambda_2 = 779.6186030639271
10:27 INFO    : Injected signal in L1:
10:27 INFO    :   optimal SNR = 6.97
10:27 INFO    :   matched filter SNR = 7.47+1.42j
10:27 INFO    :   mass_1 = 1.5
10:27 INFO    :   mass_2 = 1.3
10:27 INFO    :   chi_1 = 0.02
10:27 INFO    :   chi_2 = 0.02
10:27 INFO    :   luminosity_distance = 200.0
10:27 INFO    :   theta_jn = 0.4
10:27 INFO    :   psi = 2.659
10:27 INFO    :   phase = 1.3
10:27 INFO    :   geocent_time = 1126259642.413
10:27 INFO    :   ra = 1.375
10:27 INFO    :   dec = -1.2108
10:27 INFO    :   lambda_1 = 342.4622864681741
10:27 INFO    :   lambda_2 = 779.6186030639271
10:27 INFO    : Injected signal in V1:
10:27 INFO    :   optimal SNR = 7.39
10:27 INFO    :   matched filter SNR = 7.77+0.53j
10:27 INFO    :   mass_1 = 1.5
10:27 INFO    :   mass_2 = 1.3
10:27 INFO    :   chi_1 = 0.02
10:27 INFO    :   chi_2 = 0.02
10:27 INFO    :   luminosity_distance = 200.0
10:27 INFO    :   theta_jn = 0.4
10:27 INFO    :   psi = 2.659
10:27 INFO    :   phase = 1.3
10:27 INFO    :   geocent_time = 1126259642.413
10:27 INFO    :   ra = 1.375
10:27 INFO    :   dec = -1.2108
10:27 INFO    :   lambda_1 = 342.4622864681741
10:27 INFO    :   lambda_2 = 779.6186030639271
10:27 INFO    : No prior given, using default BNS priors in /home/iuliu/anaconda3/envs/work/lib/python3.9/site-packages/bilby/gw/prior_files/aligned_spins_bns_tides_on.prior.
10:28 INFO    : Running for label 'bns_inference_14.0', output will be saved to 'outdir'
10:28 INFO    : Performing redundancy check using BBHPriorDict(self).test_redundancy
10:28 INFO    : Performing redundancy check using BBHPriorDict(self).test_redundancy
10:28 INFO    : Performing redundancy check using BBHPriorDict(self).test_redundancy
10:28 INFO    : Performing redundancy check using BBHPriorDict(self).test_redundancy
10:28 INFO    : Performing redundancy check using BBHPriorDict(self).test_redundancy
10:28 INFO    : Performing redundancy check using BBHPriorDict(self).test_redundancy
10:28 INFO    : Performing redundancy check using BBHPriorDict(self).test_redundancy
10:28 INFO    : Performing redundancy check using BBHPriorDict(self).test_redundancy
10:28 INFO    : Performing redundancy check using BBHPriorDict(self).test_redundancy
10:28 INFO    : Performing redundancy check using BBHPriorDict(self).test_redundancy
10:28 INFO    : Performing redundancy check using BBHPriorDict(self).test_redundancy
10:28 INFO    : Performing redundancy check using BBHPriorDict(self).test_redundancy
10:28 INFO    : Performing redundancy check using BBHPriorDict(self).test_redundancy
10:28 INFO    : Performing redundancy check using BBHPriorDict(self).test_redundancy
10:28 INFO    : Performing redundancy check using BBHPriorDict(self).test_redundancy
10:28 INFO    : Performing redundancy check using BBHPriorDict(self).test_redundancy
10:28 INFO    : Using lal version 7.1.7
10:28 INFO    : Using lal git version Branch: None;Tag: lalsuite-v7.5;Id: bd2ad8ca448e9761e3010e519a656789332ea28a;;Builder: Unknown User <>;Repository status: CLEAN: All modifications committed
10:28 INFO    : Using lalsimulation version 3.1.2
10:28 INFO    : Using lalsimulation git version Branch: None;Tag: lalsuite-v7.5;Id: bd2ad8ca448e9761e3010e519a656789332ea28a;;Builder: Unknown User <>;Repository status: CLEAN: All modifications committed
10:28 INFO    : Search parameters:
10:28 INFO    :   mass_ratio = Uniform(minimum=0.125, maximum=1, name='mass_ratio', latex_label='$q$', unit=None, boundary=None)
10:28 INFO    :   chirp_mass = Uniform(minimum=0.4, maximum=4.4, name='chirp_mass', latex_label='$\\mathcal{M}$', unit=None, boundary=None)
10:28 INFO    :   lambda_1 = Uniform(minimum=0, maximum=5000, name='lambda_1', latex_label='$\\Lambda_1$', unit=None, boundary=None)
10:28 INFO    :   lambda_2 = Uniform(minimum=0, maximum=5000, name='lambda_2', latex_label='$\\Lambda_2$', unit=None, boundary=None)
10:28 INFO    :   mass_1 = Constraint(minimum=0.5, maximum=5, name='mass_1', latex_label='$m_1$', unit=None)
10:28 INFO    :   mass_2 = Constraint(minimum=0.5, maximum=5, name='mass_2', latex_label='$m_2$', unit=None)
10:28 INFO    :   eos_check = EOSCheck(minimum=-inf, maximum=inf)
10:28 INFO    :   luminosity_distance = 200.0
10:28 INFO    :   dec = -1.2108
10:28 INFO    :   ra = 1.375
10:28 INFO    :   theta_jn = 0.4
10:28 INFO    :   psi = 2.659
10:28 INFO    :   phase = 1.3
10:28 INFO    :   chi_1 = 0.02
10:28 INFO    :   chi_2 = 0.02
10:28 INFO    :   geocent_time = 1126259642.413
10:28 INFO    : Single likelihood evaluation took 7.930e-02 s
10:28 INFO    : Using sampler Dynesty with kwargs {'bound': 'multi', 'sample': 'rwalk', 'verbose': True, 'periodic': None, 'reflective': None, 'check_point_delta_t': 1800, 'nlive': 300, 'first_update': None, 'walks': 100, 'npdim': None, 'rstate': None, 'queue_size': 8, 'pool': None, 'use_pool': None, 'live_points': None, 'logl_args': None, 'logl_kwargs': None, 'ptform_args': None, 'ptform_kwargs': None, 'enlarge': 1.5, 'bootstrap': None, 'vol_dec': 0.5, 'vol_check': 8.0, 'facc': 0.2, 'slices': 5, 'update_interval': 180, 'print_func': <bound method Dynesty._print_func of <bilby.core.sampler.dynesty.Dynesty object at 0x7f1f8ea770a0>>, 'dlogz': 0.1, 'maxiter': None, 'maxcall': None, 'logl_max': inf, 'add_live': True, 'print_progress': True, 'save_bounds': False, 'n_effective': None, 'maxmcmc': 5000, 'nact': 5, 'print_method': 'tqdm'}
10:28 INFO    : Checkpoint every check_point_delta_t = 600s
10:28 INFO    : Using dynesty version 1.0.1
10:28 INFO    : Using the bilby-implemented rwalk sample method with ACT estimated walks
10:28 INFO    : Setting up multiproccesing pool with 8 processes.
10:28 INFO    : Resume file outdir/bns_inference_14.0_resume.pickle does not exist.
10:28 INFO    : Generating initial points from the prior
10:38 INFO    : Written checkpoint file outdir/bns_inference_14.0_resume.pickle
10:49 INFO    : Written checkpoint file outdir/bns_inference_14.0_resume.pickle
10:59 INFO    : Written checkpoint file outdir/bns_inference_14.0_resume.pickle
11:09 INFO    : Written checkpoint file outdir/bns_inference_14.0_resume.pickle
11:20 INFO    : Written checkpoint file outdir/bns_inference_14.0_resume.pickle
11:30 INFO    : Written checkpoint file outdir/bns_inference_14.0_resume.pickle
11:40 INFO    : Written checkpoint file outdir/bns_inference_14.0_resume.pickle
11:51 INFO    : Written checkpoint file outdir/bns_inference_14.0_resume.pickle
12:01 INFO    : Written checkpoint file outdir/bns_inference_14.0_resume.pickle
12:12 INFO    : Written checkpoint file outdir/bns_inference_14.0_resume.pickle
12:22 INFO    : Written checkpoint file outdir/bns_inference_14.0_resume.pickle
12:33 INFO    : Written checkpoint file outdir/bns_inference_14.0_resume.pickle
12:43 INFO    : Written checkpoint file outdir/bns_inference_14.0_resume.pickle
12:54 INFO    : Written checkpoint file outdir/bns_inference_14.0_resume.pickle
13:04 INFO    : Written checkpoint file outdir/bns_inference_14.0_resume.pickle
13:15 INFO    : Written checkpoint file outdir/bns_inference_14.0_resume.pickle
13:25 INFO    : Written checkpoint file outdir/bns_inference_14.0_resume.pickle
13:36 INFO    : Written checkpoint file outdir/bns_inference_14.0_resume.pickle
13:47 INFO    : Written checkpoint file outdir/bns_inference_14.0_resume.pickle
13:57 INFO    : Written checkpoint file outdir/bns_inference_14.0_resume.pickle
14:08 INFO    : Written checkpoint file outdir/bns_inference_14.0_resume.pickle
14:18 INFO    : Written checkpoint file outdir/bns_inference_14.0_resume.pickle
14:29 INFO    : Written checkpoint file outdir/bns_inference_14.0_resume.pickle
14:39 INFO    : Written checkpoint file outdir/bns_inference_14.0_resume.pickle
14:50 INFO    : Written checkpoint file outdir/bns_inference_14.0_resume.pickle
15:00 INFO    : Written checkpoint file outdir/bns_inference_14.0_resume.pickle
15:11 INFO    : Written checkpoint file outdir/bns_inference_14.0_resume.pickle
15:21 INFO    : Written checkpoint file outdir/bns_inference_14.0_resume.pickle
15:31 INFO    : Written checkpoint file outdir/bns_inference_14.0_resume.pickle
15:41 INFO    : Written checkpoint file outdir/bns_inference_14.0_resume.pickle
15:51 INFO    : Written checkpoint file outdir/bns_inference_14.0_resume.pickle
16:02 INFO    : Written checkpoint file outdir/bns_inference_14.0_resume.pickle
16:12 INFO    : Written checkpoint file outdir/bns_inference_14.0_resume.pickle
16:22 INFO    : Written checkpoint file outdir/bns_inference_14.0_resume.pickle
16:33 INFO    : Written checkpoint file outdir/bns_inference_14.0_resume.pickle
16:42 INFO    : Written checkpoint file outdir/bns_inference_14.0_resume.pickle
16:42 INFO    : Starting to close worker pool.
16:42 INFO    : Finished closing worker pool.
16:42 WARNING : Multiple likelihood matches found between sorted and unsorted samples. Taking the first match.
16:42 WARNING : Multiple likelihood matches found between sorted and unsorted samples. Taking the first match.
16:42 WARNING : Multiple likelihood matches found between sorted and unsorted samples. Taking the first match.
16:42 WARNING : Multiple likelihood matches found between sorted and unsorted samples. Taking the first match.
16:42 WARNING : Multiple likelihood matches found between sorted and unsorted samples. Taking the first match.
16:42 WARNING : Multiple likelihood matches found between sorted and unsorted samples. Taking the first match.
16:42 WARNING : Multiple likelihood matches found between sorted and unsorted samples. Taking the first match.
16:42 WARNING : Multiple likelihood matches found between sorted and unsorted samples. Taking the first match.
16:42 WARNING : Multiple likelihood matches found between sorted and unsorted samples. Taking the first match.
16:42 WARNING : Multiple likelihood matches found between sorted and unsorted samples. Taking the first match.
16:42 WARNING : Multiple likelihood matches found between sorted and unsorted samples. Taking the first match.
16:42 WARNING : Multiple likelihood matches found between sorted and unsorted samples. Taking the first match.
16:42 WARNING : Multiple likelihood matches found between sorted and unsorted samples. Taking the first match.
16:42 WARNING : Multiple likelihood matches found between sorted and unsorted samples. Taking the first match.
16:42 WARNING : Multiple likelihood matches found between sorted and unsorted samples. Taking the first match.
16:42 INFO    : Sampling time: 6:13:41.024021
16:42 INFO    : Generating sky frame parameters.
16:42 INFO    : Computing SNRs for every sample.
16:48 INFO    : Waveform generator initiated with
  frequency_domain_source_model: bilby.gw.source.lal_binary_neutron_star
  time_domain_source_model: None
  parameter_conversion: bilby.gw.conversion.convert_to_lal_binary_neutron_star_parameters
16:48 INFO    : Injected signal in H1:
16:48 INFO    :   optimal SNR = 8.61
16:48 INFO    :   matched filter SNR = 9.94+0.42j
16:48 INFO    :   mass_1 = 1.5
16:48 INFO    :   mass_2 = 1.3
16:48 INFO    :   chi_1 = 0.02
16:48 INFO    :   chi_2 = 0.02
16:48 INFO    :   luminosity_distance = 200.0
16:48 INFO    :   theta_jn = 0.4
16:48 INFO    :   psi = 2.659
16:48 INFO    :   phase = 1.3
16:48 INFO    :   geocent_time = 1126259642.413
16:48 INFO    :   ra = 1.375
16:48 INFO    :   dec = -1.2108
16:48 INFO    :   lambda_1 = 342.4622864681741
16:48 INFO    :   lambda_2 = 779.6186030639271
16:48 INFO    : Injected signal in L1:
16:48 INFO    :   optimal SNR = 6.97
16:48 INFO    :   matched filter SNR = 7.47+1.42j
16:48 INFO    :   mass_1 = 1.5
16:48 INFO    :   mass_2 = 1.3
16:48 INFO    :   chi_1 = 0.02
16:48 INFO    :   chi_2 = 0.02
16:48 INFO    :   luminosity_distance = 200.0
16:48 INFO    :   theta_jn = 0.4
16:48 INFO    :   psi = 2.659
16:48 INFO    :   phase = 1.3
16:48 INFO    :   geocent_time = 1126259642.413
16:48 INFO    :   ra = 1.375
16:48 INFO    :   dec = -1.2108
16:48 INFO    :   lambda_1 = 342.4622864681741
16:48 INFO    :   lambda_2 = 779.6186030639271
16:48 INFO    : Injected signal in V1:
16:48 INFO    :   optimal SNR = 7.39
16:48 INFO    :   matched filter SNR = 7.77+0.53j
16:48 INFO    :   mass_1 = 1.5
16:48 INFO    :   mass_2 = 1.3
16:48 INFO    :   chi_1 = 0.02
16:48 INFO    :   chi_2 = 0.02
16:48 INFO    :   luminosity_distance = 200.0
16:48 INFO    :   theta_jn = 0.4
16:48 INFO    :   psi = 2.659
16:48 INFO    :   phase = 1.3
16:48 INFO    :   geocent_time = 1126259642.413
16:48 INFO    :   ra = 1.375
16:48 INFO    :   dec = -1.2108
16:48 INFO    :   lambda_1 = 342.4622864681741
16:48 INFO    :   lambda_2 = 779.6186030639271
16:48 INFO    : No prior given, using default BNS priors in /home/iuliu/anaconda3/envs/work/lib/python3.9/site-packages/bilby/gw/prior_files/aligned_spins_bns_tides_on.prior.
16:48 INFO    : Running for label 'bns_inference_14.0', output will be saved to 'outdir'
16:48 INFO    : Performing redundancy check using BBHPriorDict(self).test_redundancy
16:48 INFO    : Performing redundancy check using BBHPriorDict(self).test_redundancy
16:48 INFO    : Performing redundancy check using BBHPriorDict(self).test_redundancy
16:48 INFO    : Performing redundancy check using BBHPriorDict(self).test_redundancy
16:48 INFO    : Performing redundancy check using BBHPriorDict(self).test_redundancy
16:48 INFO    : Performing redundancy check using BBHPriorDict(self).test_redundancy
16:48 INFO    : Performing redundancy check using BBHPriorDict(self).test_redundancy
16:48 INFO    : Performing redundancy check using BBHPriorDict(self).test_redundancy
16:48 INFO    : Performing redundancy check using BBHPriorDict(self).test_redundancy
16:48 INFO    : Performing redundancy check using BBHPriorDict(self).test_redundancy
16:48 INFO    : Performing redundancy check using BBHPriorDict(self).test_redundancy
16:48 INFO    : Performing redundancy check using BBHPriorDict(self).test_redundancy
16:48 INFO    : Performing redundancy check using BBHPriorDict(self).test_redundancy
16:48 INFO    : Performing redundancy check using BBHPriorDict(self).test_redundancy
16:48 INFO    : Performing redundancy check using BBHPriorDict(self).test_redundancy
16:48 INFO    : Performing redundancy check using BBHPriorDict(self).test_redundancy
16:48 INFO    : Using lal version 7.1.7
16:48 INFO    : Using lal git version Branch: None;Tag: lalsuite-v7.5;Id: bd2ad8ca448e9761e3010e519a656789332ea28a;;Builder: Unknown User <>;Repository status: CLEAN: All modifications committed
16:48 INFO    : Using lalsimulation version 3.1.2
16:48 INFO    : Using lalsimulation git version Branch: None;Tag: lalsuite-v7.5;Id: bd2ad8ca448e9761e3010e519a656789332ea28a;;Builder: Unknown User <>;Repository status: CLEAN: All modifications committed
16:48 INFO    : Search parameters:
16:48 INFO    :   mass_ratio = Uniform(minimum=0.125, maximum=1, name='mass_ratio', latex_label='$q$', unit=None, boundary=None)
16:48 INFO    :   chirp_mass = Uniform(minimum=0.4, maximum=4.4, name='chirp_mass', latex_label='$\\mathcal{M}$', unit=None, boundary=None)
16:48 INFO    :   lambda_1 = Uniform(minimum=0, maximum=5000, name='lambda_1', latex_label='$\\Lambda_1$', unit=None, boundary=None)
16:48 INFO    :   lambda_2 = Uniform(minimum=0, maximum=5000, name='lambda_2', latex_label='$\\Lambda_2$', unit=None, boundary=None)
16:48 INFO    :   mass_1 = Constraint(minimum=0.5, maximum=5, name='mass_1', latex_label='$m_1$', unit=None)
16:48 INFO    :   mass_2 = Constraint(minimum=0.5, maximum=5, name='mass_2', latex_label='$m_2$', unit=None)
16:48 INFO    :   eos_check = EOSCheck(minimum=-inf, maximum=inf)
16:48 INFO    :   luminosity_distance = 200.0
16:48 INFO    :   dec = -1.2108
16:48 INFO    :   ra = 1.375
16:48 INFO    :   theta_jn = 0.4
16:48 INFO    :   psi = 2.659
16:48 INFO    :   phase = 1.3
16:48 INFO    :   chi_1 = 0.02
16:48 INFO    :   chi_2 = 0.02
16:48 INFO    :   geocent_time = 1126259642.413
16:48 INFO    : Single likelihood evaluation took 4.877e-02 s
16:48 INFO    : Checkpoint every check_point_delta_t = 600s
16:48 WARNING : Using cached result
16:48 INFO    : Generating sky frame parameters.
16:48 INFO    : Computing SNRs for every sample.
16:48 INFO    : Using a pool with size 8 for nsamples=5368
16:49 INFO    : Summary of results:
nsamples: 5368
ln_noise_evidence: -94476.784
ln_evidence: -94486.278 +/-  0.283
ln_bayes_factor: -9.493 +/-  0.283

