12:18 INFO    : Waveform generator initiated with
  frequency_domain_source_model: bilby.gw.source.lal_binary_neutron_star
  time_domain_source_model: None
  parameter_conversion: bilby.gw.conversion.convert_to_lal_binary_neutron_star_parameters
12:18 INFO    : Injected signal in H1:
12:18 INFO    :   optimal SNR = 34.44
12:18 INFO    :   matched filter SNR = 35.76+0.42j
12:18 INFO    :   mass_1 = 1.5
12:18 INFO    :   mass_2 = 1.3
12:18 INFO    :   chi_1 = 0.02
12:18 INFO    :   chi_2 = 0.02
12:18 INFO    :   luminosity_distance = 50.0
12:18 INFO    :   theta_jn = 0.4
12:18 INFO    :   psi = 2.659
12:18 INFO    :   phase = 1.3
12:18 INFO    :   geocent_time = 1126259642.413
12:18 INFO    :   ra = 1.375
12:18 INFO    :   dec = -1.2108
12:18 INFO    :   lambda_1 = 342.4622864681741
12:18 INFO    :   lambda_2 = 779.6186030639271
12:18 INFO    : Injected signal in L1:
12:18 INFO    :   optimal SNR = 27.88
12:18 INFO    :   matched filter SNR = 28.39+1.42j
12:18 INFO    :   mass_1 = 1.5
12:18 INFO    :   mass_2 = 1.3
12:18 INFO    :   chi_1 = 0.02
12:18 INFO    :   chi_2 = 0.02
12:18 INFO    :   luminosity_distance = 50.0
12:18 INFO    :   theta_jn = 0.4
12:18 INFO    :   psi = 2.659
12:18 INFO    :   phase = 1.3
12:18 INFO    :   geocent_time = 1126259642.413
12:18 INFO    :   ra = 1.375
12:18 INFO    :   dec = -1.2108
12:18 INFO    :   lambda_1 = 342.4622864681741
12:18 INFO    :   lambda_2 = 779.6186030639271
12:18 INFO    : Injected signal in V1:
12:18 INFO    :   optimal SNR = 29.56
12:18 INFO    :   matched filter SNR = 29.93+0.53j
12:18 INFO    :   mass_1 = 1.5
12:18 INFO    :   mass_2 = 1.3
12:18 INFO    :   chi_1 = 0.02
12:18 INFO    :   chi_2 = 0.02
12:18 INFO    :   luminosity_distance = 50.0
12:18 INFO    :   theta_jn = 0.4
12:18 INFO    :   psi = 2.659
12:18 INFO    :   phase = 1.3
12:18 INFO    :   geocent_time = 1126259642.413
12:18 INFO    :   ra = 1.375
12:18 INFO    :   dec = -1.2108
12:18 INFO    :   lambda_1 = 342.4622864681741
12:18 INFO    :   lambda_2 = 779.6186030639271
12:18 INFO    : No prior given, using default BNS priors in /home/iuliu/anaconda3/envs/work/lib/python3.9/site-packages/bilby/gw/prior_files/aligned_spins_bns_tides_on.prior.
12:18 INFO    : Running for label 'bns_inference_9.0', output will be saved to 'outdir'
12:18 INFO    : Performing redundancy check using BBHPriorDict(self).test_redundancy
12:18 INFO    : Performing redundancy check using BBHPriorDict(self).test_redundancy
12:18 INFO    : Performing redundancy check using BBHPriorDict(self).test_redundancy
12:18 INFO    : Performing redundancy check using BBHPriorDict(self).test_redundancy
12:18 INFO    : Performing redundancy check using BBHPriorDict(self).test_redundancy
12:18 INFO    : Performing redundancy check using BBHPriorDict(self).test_redundancy
12:18 INFO    : Performing redundancy check using BBHPriorDict(self).test_redundancy
12:18 INFO    : Performing redundancy check using BBHPriorDict(self).test_redundancy
12:18 INFO    : Performing redundancy check using BBHPriorDict(self).test_redundancy
12:18 INFO    : Performing redundancy check using BBHPriorDict(self).test_redundancy
12:18 INFO    : Performing redundancy check using BBHPriorDict(self).test_redundancy
12:18 INFO    : Performing redundancy check using BBHPriorDict(self).test_redundancy
12:18 INFO    : Performing redundancy check using BBHPriorDict(self).test_redundancy
12:18 INFO    : Performing redundancy check using BBHPriorDict(self).test_redundancy
12:18 INFO    : Performing redundancy check using BBHPriorDict(self).test_redundancy
12:18 INFO    : Performing redundancy check using BBHPriorDict(self).test_redundancy
12:18 INFO    : Using lal version 7.1.7
12:18 INFO    : Using lal git version Branch: None;Tag: lalsuite-v7.5;Id: bd2ad8ca448e9761e3010e519a656789332ea28a;;Builder: Unknown User <>;Repository status: CLEAN: All modifications committed
12:18 INFO    : Using lalsimulation version 3.1.2
12:18 INFO    : Using lalsimulation git version Branch: None;Tag: lalsuite-v7.5;Id: bd2ad8ca448e9761e3010e519a656789332ea28a;;Builder: Unknown User <>;Repository status: CLEAN: All modifications committed
12:18 INFO    : Search parameters:
12:18 INFO    :   mass_ratio = Uniform(minimum=0.125, maximum=1, name='mass_ratio', latex_label='$q$', unit=None, boundary=None)
12:18 INFO    :   chirp_mass = Uniform(minimum=0.4, maximum=4.4, name='chirp_mass', latex_label='$\\mathcal{M}$', unit=None, boundary=None)
12:18 INFO    :   lambda_1 = Uniform(minimum=0, maximum=5000, name='lambda_1', latex_label='$\\Lambda_1$', unit=None, boundary=None)
12:18 INFO    :   lambda_2 = Uniform(minimum=0, maximum=5000, name='lambda_2', latex_label='$\\Lambda_2$', unit=None, boundary=None)
12:18 INFO    :   mass_1 = Constraint(minimum=0.5, maximum=5, name='mass_1', latex_label='$m_1$', unit=None)
12:18 INFO    :   mass_2 = Constraint(minimum=0.5, maximum=5, name='mass_2', latex_label='$m_2$', unit=None)
12:18 INFO    :   eos_check = EOSCheck(minimum=-inf, maximum=inf)
12:18 INFO    :   luminosity_distance = 50.0
12:18 INFO    :   dec = -1.2108
12:18 INFO    :   ra = 1.375
12:18 INFO    :   theta_jn = 0.4
12:18 INFO    :   psi = 2.659
12:18 INFO    :   phase = 1.3
12:18 INFO    :   chi_1 = 0.02
12:18 INFO    :   chi_2 = 0.02
12:18 INFO    :   geocent_time = 1126259642.413
12:19 INFO    : Single likelihood evaluation took 9.166e-02 s
12:19 INFO    : Using sampler Dynesty with kwargs {'bound': 'multi', 'sample': 'rwalk', 'verbose': True, 'periodic': None, 'reflective': None, 'check_point_delta_t': 1800, 'nlive': 250, 'first_update': None, 'walks': 50, 'npdim': None, 'rstate': None, 'queue_size': 8, 'pool': None, 'use_pool': None, 'live_points': None, 'logl_args': None, 'logl_kwargs': None, 'ptform_args': None, 'ptform_kwargs': None, 'enlarge': 1.5, 'bootstrap': None, 'vol_dec': 0.5, 'vol_check': 8.0, 'facc': 0.2, 'slices': 5, 'update_interval': 150, 'print_func': <bound method Dynesty._print_func of <bilby.core.sampler.dynesty.Dynesty object at 0x7f9fb1da22b0>>, 'dlogz': 0.1, 'maxiter': None, 'maxcall': None, 'logl_max': inf, 'add_live': True, 'print_progress': True, 'save_bounds': False, 'n_effective': None, 'maxmcmc': 5000, 'nact': 5, 'print_method': 'tqdm'}
12:19 INFO    : Checkpoint every check_point_delta_t = 600s
12:19 INFO    : Using dynesty version 1.0.1
12:19 INFO    : Using the bilby-implemented rwalk sample method with ACT estimated walks
12:19 INFO    : Setting up multiproccesing pool with 8 processes.
12:19 INFO    : Resume file outdir/bns_inference_9.0_resume.pickle does not exist.
12:19 INFO    : Generating initial points from the prior
12:29 INFO    : Written checkpoint file outdir/bns_inference_9.0_resume.pickle
12:39 INFO    : Written checkpoint file outdir/bns_inference_9.0_resume.pickle
12:49 INFO    : Written checkpoint file outdir/bns_inference_9.0_resume.pickle
13:00 INFO    : Written checkpoint file outdir/bns_inference_9.0_resume.pickle
13:10 INFO    : Written checkpoint file outdir/bns_inference_9.0_resume.pickle
13:20 INFO    : Written checkpoint file outdir/bns_inference_9.0_resume.pickle
13:20 WARNING : singular matrix
13:20 WARNING : Failed to create dynesty state plot at checkpoint
13:20 WARNING : singular matrix
13:20 WARNING : Failed to create dynesty unit state plot at checkpoint
13:20 WARNING : singular matrix
13:20 WARNING : Failed to create dynesty run plot at checkpoint
13:31 INFO    : Written checkpoint file outdir/bns_inference_9.0_resume.pickle
13:41 INFO    : Written checkpoint file outdir/bns_inference_9.0_resume.pickle
13:51 INFO    : Written checkpoint file outdir/bns_inference_9.0_resume.pickle
14:01 INFO    : Written checkpoint file outdir/bns_inference_9.0_resume.pickle
14:11 INFO    : Written checkpoint file outdir/bns_inference_9.0_resume.pickle
14:22 INFO    : Written checkpoint file outdir/bns_inference_9.0_resume.pickle
14:32 INFO    : Written checkpoint file outdir/bns_inference_9.0_resume.pickle
14:42 INFO    : Written checkpoint file outdir/bns_inference_9.0_resume.pickle
14:52 INFO    : Written checkpoint file outdir/bns_inference_9.0_resume.pickle
14:54 INFO    : Written checkpoint file outdir/bns_inference_9.0_resume.pickle
14:54 INFO    : Starting to close worker pool.
14:54 INFO    : Finished closing worker pool.
14:54 INFO    : Sampling time: 2:35:04.777012
14:54 INFO    : Generating sky frame parameters.
14:54 INFO    : Computing SNRs for every sample.
15:00 INFO    : Waveform generator initiated with
  frequency_domain_source_model: bilby.gw.source.lal_binary_neutron_star
  time_domain_source_model: None
  parameter_conversion: bilby.gw.conversion.convert_to_lal_binary_neutron_star_parameters
15:00 INFO    : Injected signal in H1:
15:00 INFO    :   optimal SNR = 34.44
15:00 INFO    :   matched filter SNR = 35.76+0.42j
15:00 INFO    :   mass_1 = 1.5
15:00 INFO    :   mass_2 = 1.3
15:00 INFO    :   chi_1 = 0.02
15:00 INFO    :   chi_2 = 0.02
15:00 INFO    :   luminosity_distance = 50.0
15:00 INFO    :   theta_jn = 0.4
15:00 INFO    :   psi = 2.659
15:00 INFO    :   phase = 1.3
15:00 INFO    :   geocent_time = 1126259642.413
15:00 INFO    :   ra = 1.375
15:00 INFO    :   dec = -1.2108
15:00 INFO    :   lambda_1 = 342.4622864681741
15:00 INFO    :   lambda_2 = 779.6186030639271
15:00 INFO    : Injected signal in L1:
15:00 INFO    :   optimal SNR = 27.88
15:00 INFO    :   matched filter SNR = 28.39+1.42j
15:00 INFO    :   mass_1 = 1.5
15:00 INFO    :   mass_2 = 1.3
15:00 INFO    :   chi_1 = 0.02
15:00 INFO    :   chi_2 = 0.02
15:00 INFO    :   luminosity_distance = 50.0
15:00 INFO    :   theta_jn = 0.4
15:00 INFO    :   psi = 2.659
15:00 INFO    :   phase = 1.3
15:00 INFO    :   geocent_time = 1126259642.413
15:00 INFO    :   ra = 1.375
15:00 INFO    :   dec = -1.2108
15:00 INFO    :   lambda_1 = 342.4622864681741
15:00 INFO    :   lambda_2 = 779.6186030639271
15:00 INFO    : Injected signal in V1:
15:00 INFO    :   optimal SNR = 29.56
15:00 INFO    :   matched filter SNR = 29.93+0.53j
15:00 INFO    :   mass_1 = 1.5
15:00 INFO    :   mass_2 = 1.3
15:00 INFO    :   chi_1 = 0.02
15:00 INFO    :   chi_2 = 0.02
15:00 INFO    :   luminosity_distance = 50.0
15:00 INFO    :   theta_jn = 0.4
15:00 INFO    :   psi = 2.659
15:00 INFO    :   phase = 1.3
15:00 INFO    :   geocent_time = 1126259642.413
15:00 INFO    :   ra = 1.375
15:00 INFO    :   dec = -1.2108
15:00 INFO    :   lambda_1 = 342.4622864681741
15:00 INFO    :   lambda_2 = 779.6186030639271
15:00 INFO    : No prior given, using default BNS priors in /home/iuliu/anaconda3/envs/work/lib/python3.9/site-packages/bilby/gw/prior_files/aligned_spins_bns_tides_on.prior.
15:00 INFO    : Running for label 'bns_inference_9.0', output will be saved to 'outdir'
15:00 INFO    : Performing redundancy check using BBHPriorDict(self).test_redundancy
15:00 INFO    : Performing redundancy check using BBHPriorDict(self).test_redundancy
15:00 INFO    : Performing redundancy check using BBHPriorDict(self).test_redundancy
15:00 INFO    : Performing redundancy check using BBHPriorDict(self).test_redundancy
15:00 INFO    : Performing redundancy check using BBHPriorDict(self).test_redundancy
15:00 INFO    : Performing redundancy check using BBHPriorDict(self).test_redundancy
15:00 INFO    : Performing redundancy check using BBHPriorDict(self).test_redundancy
15:00 INFO    : Performing redundancy check using BBHPriorDict(self).test_redundancy
15:00 INFO    : Performing redundancy check using BBHPriorDict(self).test_redundancy
15:00 INFO    : Performing redundancy check using BBHPriorDict(self).test_redundancy
15:00 INFO    : Performing redundancy check using BBHPriorDict(self).test_redundancy
15:00 INFO    : Performing redundancy check using BBHPriorDict(self).test_redundancy
15:00 INFO    : Performing redundancy check using BBHPriorDict(self).test_redundancy
15:00 INFO    : Performing redundancy check using BBHPriorDict(self).test_redundancy
15:00 INFO    : Performing redundancy check using BBHPriorDict(self).test_redundancy
15:00 INFO    : Performing redundancy check using BBHPriorDict(self).test_redundancy
15:00 INFO    : Using lal version 7.1.7
15:00 INFO    : Using lal git version Branch: None;Tag: lalsuite-v7.5;Id: bd2ad8ca448e9761e3010e519a656789332ea28a;;Builder: Unknown User <>;Repository status: CLEAN: All modifications committed
15:00 INFO    : Using lalsimulation version 3.1.2
15:00 INFO    : Using lalsimulation git version Branch: None;Tag: lalsuite-v7.5;Id: bd2ad8ca448e9761e3010e519a656789332ea28a;;Builder: Unknown User <>;Repository status: CLEAN: All modifications committed
15:00 INFO    : Search parameters:
15:00 INFO    :   mass_ratio = Uniform(minimum=0.125, maximum=1, name='mass_ratio', latex_label='$q$', unit=None, boundary=None)
15:00 INFO    :   chirp_mass = Uniform(minimum=0.4, maximum=4.4, name='chirp_mass', latex_label='$\\mathcal{M}$', unit=None, boundary=None)
15:00 INFO    :   lambda_1 = Uniform(minimum=0, maximum=5000, name='lambda_1', latex_label='$\\Lambda_1$', unit=None, boundary=None)
15:00 INFO    :   lambda_2 = Uniform(minimum=0, maximum=5000, name='lambda_2', latex_label='$\\Lambda_2$', unit=None, boundary=None)
15:00 INFO    :   mass_1 = Constraint(minimum=0.5, maximum=5, name='mass_1', latex_label='$m_1$', unit=None)
15:00 INFO    :   mass_2 = Constraint(minimum=0.5, maximum=5, name='mass_2', latex_label='$m_2$', unit=None)
15:00 INFO    :   eos_check = EOSCheck(minimum=-inf, maximum=inf)
15:00 INFO    :   luminosity_distance = 50.0
15:00 INFO    :   dec = -1.2108
15:00 INFO    :   ra = 1.375
15:00 INFO    :   theta_jn = 0.4
15:00 INFO    :   psi = 2.659
15:00 INFO    :   phase = 1.3
15:00 INFO    :   chi_1 = 0.02
15:00 INFO    :   chi_2 = 0.02
15:00 INFO    :   geocent_time = 1126259642.413
15:01 INFO    : Single likelihood evaluation took 4.828e-02 s
15:01 INFO    : Checkpoint every check_point_delta_t = 600s
15:01 WARNING : Using cached result
15:01 INFO    : Generating sky frame parameters.
15:01 INFO    : Computing SNRs for every sample.
15:01 INFO    : Using a pool with size 8 for nsamples=5561
15:02 INFO    : Summary of results:
nsamples: 5561
ln_noise_evidence: -95859.848
ln_evidence: -96042.316 +/-  0.377
ln_bayes_factor: -182.469 +/-  0.377

