07:55 INFO    : Waveform generator initiated with
  frequency_domain_source_model: bilby.gw.source.lal_binary_neutron_star
  time_domain_source_model: None
  parameter_conversion: bilby.gw.conversion.convert_to_lal_binary_neutron_star_parameters
07:55 INFO    : Injected signal in H1:
07:55 INFO    :   optimal SNR = 8.61
07:55 INFO    :   matched filter SNR = 9.94+0.42j
07:55 INFO    :   mass_1 = 1.5
07:55 INFO    :   mass_2 = 1.3
07:55 INFO    :   chi_1 = 0.02
07:55 INFO    :   chi_2 = 0.02
07:55 INFO    :   luminosity_distance = 200.0
07:55 INFO    :   theta_jn = 0.4
07:55 INFO    :   psi = 2.659
07:55 INFO    :   phase = 1.3
07:55 INFO    :   geocent_time = 1126259642.413
07:55 INFO    :   ra = 1.375
07:55 INFO    :   dec = -1.2108
07:55 INFO    :   lambda_1 = 342.4622864681741
07:55 INFO    :   lambda_2 = 779.6186030639271
07:55 INFO    : Injected signal in L1:
07:55 INFO    :   optimal SNR = 6.97
07:55 INFO    :   matched filter SNR = 7.47+1.42j
07:55 INFO    :   mass_1 = 1.5
07:55 INFO    :   mass_2 = 1.3
07:55 INFO    :   chi_1 = 0.02
07:55 INFO    :   chi_2 = 0.02
07:55 INFO    :   luminosity_distance = 200.0
07:55 INFO    :   theta_jn = 0.4
07:55 INFO    :   psi = 2.659
07:55 INFO    :   phase = 1.3
07:55 INFO    :   geocent_time = 1126259642.413
07:55 INFO    :   ra = 1.375
07:55 INFO    :   dec = -1.2108
07:55 INFO    :   lambda_1 = 342.4622864681741
07:55 INFO    :   lambda_2 = 779.6186030639271
07:55 INFO    : Injected signal in V1:
07:55 INFO    :   optimal SNR = 7.39
07:55 INFO    :   matched filter SNR = 7.77+0.53j
07:55 INFO    :   mass_1 = 1.5
07:55 INFO    :   mass_2 = 1.3
07:55 INFO    :   chi_1 = 0.02
07:55 INFO    :   chi_2 = 0.02
07:55 INFO    :   luminosity_distance = 200.0
07:55 INFO    :   theta_jn = 0.4
07:55 INFO    :   psi = 2.659
07:55 INFO    :   phase = 1.3
07:55 INFO    :   geocent_time = 1126259642.413
07:55 INFO    :   ra = 1.375
07:55 INFO    :   dec = -1.2108
07:55 INFO    :   lambda_1 = 342.4622864681741
07:55 INFO    :   lambda_2 = 779.6186030639271
07:55 INFO    : No prior given, using default BNS priors in /home/iuliu/anaconda3/envs/work/lib/python3.9/site-packages/bilby/gw/prior_files/aligned_spins_bns_tides_on.prior.
07:56 INFO    : Running for label 'bns_inference_16.0', output will be saved to 'outdir'
07:56 INFO    : Performing redundancy check using BBHPriorDict(self).test_redundancy
07:56 INFO    : Performing redundancy check using BBHPriorDict(self).test_redundancy
07:56 INFO    : Performing redundancy check using BBHPriorDict(self).test_redundancy
07:56 INFO    : Performing redundancy check using BBHPriorDict(self).test_redundancy
07:56 INFO    : Performing redundancy check using BBHPriorDict(self).test_redundancy
07:56 INFO    : Performing redundancy check using BBHPriorDict(self).test_redundancy
07:56 INFO    : Performing redundancy check using BBHPriorDict(self).test_redundancy
07:56 INFO    : Performing redundancy check using BBHPriorDict(self).test_redundancy
07:56 INFO    : Performing redundancy check using BBHPriorDict(self).test_redundancy
07:56 INFO    : Performing redundancy check using BBHPriorDict(self).test_redundancy
07:56 INFO    : Performing redundancy check using BBHPriorDict(self).test_redundancy
07:56 INFO    : Performing redundancy check using BBHPriorDict(self).test_redundancy
07:56 INFO    : Performing redundancy check using BBHPriorDict(self).test_redundancy
07:56 INFO    : Performing redundancy check using BBHPriorDict(self).test_redundancy
07:56 INFO    : Using lal version 7.1.7
07:56 INFO    : Using lal git version Branch: None;Tag: lalsuite-v7.5;Id: bd2ad8ca448e9761e3010e519a656789332ea28a;;Builder: Unknown User <>;Repository status: CLEAN: All modifications committed
07:56 INFO    : Using lalsimulation version 3.1.2
07:56 INFO    : Using lalsimulation git version Branch: None;Tag: lalsuite-v7.5;Id: bd2ad8ca448e9761e3010e519a656789332ea28a;;Builder: Unknown User <>;Repository status: CLEAN: All modifications committed
07:56 INFO    : Search parameters:
07:56 INFO    :   chirp_mass = Gaussian(mu=1.215, sigma=0.1, name='chirp_mass', latex_label='$\\mathcal{M}$', unit='$M_{\\odot}$', boundary=None)
07:56 INFO    :   lambda_1 = Uniform(minimum=0, maximum=2000, name='lambda_1', latex_label='$\\Lambda_1$', unit=None, boundary=None)
07:56 INFO    :   lambda_2 = Uniform(minimum=0, maximum=2000, name='lambda_2', latex_label='$\\Lambda_2$', unit=None, boundary=None)
07:56 INFO    :   eos_check = EOSCheck(minimum=-inf, maximum=inf)
07:56 INFO    :   luminosity_distance = 200.0
07:56 INFO    :   dec = -1.2108
07:56 INFO    :   ra = 1.375
07:56 INFO    :   theta_jn = 0.4
07:56 INFO    :   psi = 2.659
07:56 INFO    :   phase = 1.3
07:56 INFO    :   chi_1 = 0.02
07:56 INFO    :   chi_2 = 0.02
07:56 INFO    :   geocent_time = 1126259642.413
07:56 INFO    :   mass_ratio = 0.8666666666666667
07:56 INFO    : Single likelihood evaluation took 4.971e-02 s
07:56 INFO    : Using sampler Dynesty with kwargs {'bound': 'multi', 'sample': 'rwalk', 'verbose': True, 'periodic': None, 'reflective': None, 'check_point_delta_t': 1800, 'nlive': 150, 'first_update': None, 'walks': 50, 'npdim': None, 'rstate': None, 'queue_size': 8, 'pool': None, 'use_pool': None, 'live_points': None, 'logl_args': None, 'logl_kwargs': None, 'ptform_args': None, 'ptform_kwargs': None, 'enlarge': 1.5, 'bootstrap': None, 'vol_dec': 0.5, 'vol_check': 8.0, 'facc': 0.2, 'slices': 5, 'update_interval': 90, 'print_func': <bound method Dynesty._print_func of <bilby.core.sampler.dynesty.Dynesty object at 0x7f64957c2610>>, 'dlogz': 0.1, 'maxiter': None, 'maxcall': None, 'logl_max': inf, 'add_live': True, 'print_progress': True, 'save_bounds': False, 'n_effective': None, 'maxmcmc': 5000, 'nact': 5, 'print_method': 'tqdm'}
07:56 INFO    : Checkpoint every check_point_delta_t = 600s
07:56 INFO    : Using dynesty version 1.0.1
07:56 INFO    : Using the bilby-implemented rwalk sample method with ACT estimated walks
07:56 INFO    : Setting up multiproccesing pool with 8 processes.
07:56 INFO    : Resume file outdir/bns_inference_16.0_resume.pickle does not exist.
07:56 INFO    : Generating initial points from the prior
08:06 INFO    : Written checkpoint file outdir/bns_inference_16.0_resume.pickle
08:16 INFO    : Written checkpoint file outdir/bns_inference_16.0_resume.pickle
08:26 INFO    : Written checkpoint file outdir/bns_inference_16.0_resume.pickle
08:36 INFO    : Written checkpoint file outdir/bns_inference_16.0_resume.pickle
08:47 INFO    : Written checkpoint file outdir/bns_inference_16.0_resume.pickle
08:50 INFO    : Written checkpoint file outdir/bns_inference_16.0_resume.pickle
08:50 INFO    : Starting to close worker pool.
08:50 INFO    : Finished closing worker pool.
08:50 INFO    : Sampling time: 0:54:18.173806
08:50 INFO    : Generating sky frame parameters.
08:50 INFO    : Computing SNRs for every sample.
08:54 INFO    : Waveform generator initiated with
  frequency_domain_source_model: bilby.gw.source.lal_binary_neutron_star
  time_domain_source_model: None
  parameter_conversion: bilby.gw.conversion.convert_to_lal_binary_neutron_star_parameters
08:54 INFO    : Injected signal in H1:
08:54 INFO    :   optimal SNR = 8.61
08:54 INFO    :   matched filter SNR = 9.94+0.42j
08:54 INFO    :   mass_1 = 1.5
08:54 INFO    :   mass_2 = 1.3
08:54 INFO    :   chi_1 = 0.02
08:54 INFO    :   chi_2 = 0.02
08:54 INFO    :   luminosity_distance = 200.0
08:54 INFO    :   theta_jn = 0.4
08:54 INFO    :   psi = 2.659
08:54 INFO    :   phase = 1.3
08:54 INFO    :   geocent_time = 1126259642.413
08:54 INFO    :   ra = 1.375
08:54 INFO    :   dec = -1.2108
08:54 INFO    :   lambda_1 = 342.4622864681741
08:54 INFO    :   lambda_2 = 779.6186030639271
08:54 INFO    : Injected signal in L1:
08:54 INFO    :   optimal SNR = 6.97
08:54 INFO    :   matched filter SNR = 7.47+1.42j
08:54 INFO    :   mass_1 = 1.5
08:54 INFO    :   mass_2 = 1.3
08:54 INFO    :   chi_1 = 0.02
08:54 INFO    :   chi_2 = 0.02
08:54 INFO    :   luminosity_distance = 200.0
08:54 INFO    :   theta_jn = 0.4
08:54 INFO    :   psi = 2.659
08:54 INFO    :   phase = 1.3
08:54 INFO    :   geocent_time = 1126259642.413
08:54 INFO    :   ra = 1.375
08:54 INFO    :   dec = -1.2108
08:54 INFO    :   lambda_1 = 342.4622864681741
08:54 INFO    :   lambda_2 = 779.6186030639271
08:54 INFO    : Injected signal in V1:
08:54 INFO    :   optimal SNR = 7.39
08:54 INFO    :   matched filter SNR = 7.77+0.53j
08:54 INFO    :   mass_1 = 1.5
08:54 INFO    :   mass_2 = 1.3
08:54 INFO    :   chi_1 = 0.02
08:54 INFO    :   chi_2 = 0.02
08:54 INFO    :   luminosity_distance = 200.0
08:54 INFO    :   theta_jn = 0.4
08:54 INFO    :   psi = 2.659
08:54 INFO    :   phase = 1.3
08:54 INFO    :   geocent_time = 1126259642.413
08:54 INFO    :   ra = 1.375
08:54 INFO    :   dec = -1.2108
08:54 INFO    :   lambda_1 = 342.4622864681741
08:54 INFO    :   lambda_2 = 779.6186030639271
08:54 INFO    : No prior given, using default BNS priors in /home/iuliu/anaconda3/envs/work/lib/python3.9/site-packages/bilby/gw/prior_files/aligned_spins_bns_tides_on.prior.
08:55 INFO    : Running for label 'bns_inference_16.0', output will be saved to 'outdir'
08:55 INFO    : Performing redundancy check using BBHPriorDict(self).test_redundancy
08:55 INFO    : Performing redundancy check using BBHPriorDict(self).test_redundancy
08:55 INFO    : Performing redundancy check using BBHPriorDict(self).test_redundancy
08:55 INFO    : Performing redundancy check using BBHPriorDict(self).test_redundancy
08:55 INFO    : Performing redundancy check using BBHPriorDict(self).test_redundancy
08:55 INFO    : Performing redundancy check using BBHPriorDict(self).test_redundancy
08:55 INFO    : Performing redundancy check using BBHPriorDict(self).test_redundancy
08:55 INFO    : Performing redundancy check using BBHPriorDict(self).test_redundancy
08:55 INFO    : Performing redundancy check using BBHPriorDict(self).test_redundancy
08:55 INFO    : Performing redundancy check using BBHPriorDict(self).test_redundancy
08:55 INFO    : Performing redundancy check using BBHPriorDict(self).test_redundancy
08:55 INFO    : Performing redundancy check using BBHPriorDict(self).test_redundancy
08:55 INFO    : Performing redundancy check using BBHPriorDict(self).test_redundancy
08:55 INFO    : Performing redundancy check using BBHPriorDict(self).test_redundancy
08:55 INFO    : Using lal version 7.1.7
08:55 INFO    : Using lal git version Branch: None;Tag: lalsuite-v7.5;Id: bd2ad8ca448e9761e3010e519a656789332ea28a;;Builder: Unknown User <>;Repository status: CLEAN: All modifications committed
08:55 INFO    : Using lalsimulation version 3.1.2
08:55 INFO    : Using lalsimulation git version Branch: None;Tag: lalsuite-v7.5;Id: bd2ad8ca448e9761e3010e519a656789332ea28a;;Builder: Unknown User <>;Repository status: CLEAN: All modifications committed
08:55 INFO    : Search parameters:
08:55 INFO    :   chirp_mass = Gaussian(mu=1.215, sigma=0.1, name='chirp_mass', latex_label='$\\mathcal{M}$', unit='$M_{\\odot}$', boundary=None)
08:55 INFO    :   lambda_1 = Uniform(minimum=0, maximum=2000, name='lambda_1', latex_label='$\\Lambda_1$', unit=None, boundary=None)
08:55 INFO    :   lambda_2 = Uniform(minimum=0, maximum=2000, name='lambda_2', latex_label='$\\Lambda_2$', unit=None, boundary=None)
08:55 INFO    :   eos_check = EOSCheck(minimum=-inf, maximum=inf)
08:55 INFO    :   luminosity_distance = 200.0
08:55 INFO    :   dec = -1.2108
08:55 INFO    :   ra = 1.375
08:55 INFO    :   theta_jn = 0.4
08:55 INFO    :   psi = 2.659
08:55 INFO    :   phase = 1.3
08:55 INFO    :   chi_1 = 0.02
08:55 INFO    :   chi_2 = 0.02
08:55 INFO    :   geocent_time = 1126259642.413
08:55 INFO    :   mass_ratio = 0.8666666666666667
08:55 INFO    : Single likelihood evaluation took 4.903e-02 s
08:55 INFO    : Checkpoint every check_point_delta_t = 600s
08:55 WARNING : Using cached result
08:55 INFO    : Generating sky frame parameters.
08:55 INFO    : Computing SNRs for every sample.
08:55 INFO    : Using a pool with size 8 for nsamples=2419
08:55 INFO    : Summary of results:
nsamples: 2419
ln_noise_evidence: -94476.784
ln_evidence: -94380.349 +/-  0.395
ln_bayes_factor: 96.435 +/-  0.395

08:57 INFO    : Waveform generator initiated with
  frequency_domain_source_model: bilby.gw.source.lal_binary_neutron_star
  time_domain_source_model: None
  parameter_conversion: bilby.gw.conversion.convert_to_lal_binary_neutron_star_parameters
08:58 INFO    : Injected signal in H1:
08:58 INFO    :   optimal SNR = 8.61
08:58 INFO    :   matched filter SNR = 9.94+0.42j
08:58 INFO    :   mass_1 = 1.5
08:58 INFO    :   mass_2 = 1.3
08:58 INFO    :   chi_1 = 0.02
08:58 INFO    :   chi_2 = 0.02
08:58 INFO    :   luminosity_distance = 200.0
08:58 INFO    :   theta_jn = 0.4
08:58 INFO    :   psi = 2.659
08:58 INFO    :   phase = 1.3
08:58 INFO    :   geocent_time = 1126259642.413
08:58 INFO    :   ra = 1.375
08:58 INFO    :   dec = -1.2108
08:58 INFO    :   lambda_1 = 342.4622864681741
08:58 INFO    :   lambda_2 = 779.6186030639271
08:58 INFO    : Injected signal in L1:
08:58 INFO    :   optimal SNR = 6.97
08:58 INFO    :   matched filter SNR = 7.47+1.42j
08:58 INFO    :   mass_1 = 1.5
08:58 INFO    :   mass_2 = 1.3
08:58 INFO    :   chi_1 = 0.02
08:58 INFO    :   chi_2 = 0.02
08:58 INFO    :   luminosity_distance = 200.0
08:58 INFO    :   theta_jn = 0.4
08:58 INFO    :   psi = 2.659
08:58 INFO    :   phase = 1.3
08:58 INFO    :   geocent_time = 1126259642.413
08:58 INFO    :   ra = 1.375
08:58 INFO    :   dec = -1.2108
08:58 INFO    :   lambda_1 = 342.4622864681741
08:58 INFO    :   lambda_2 = 779.6186030639271
08:58 INFO    : Injected signal in V1:
08:58 INFO    :   optimal SNR = 7.39
08:58 INFO    :   matched filter SNR = 7.77+0.53j
08:58 INFO    :   mass_1 = 1.5
08:58 INFO    :   mass_2 = 1.3
08:58 INFO    :   chi_1 = 0.02
08:58 INFO    :   chi_2 = 0.02
08:58 INFO    :   luminosity_distance = 200.0
08:58 INFO    :   theta_jn = 0.4
08:58 INFO    :   psi = 2.659
08:58 INFO    :   phase = 1.3
08:58 INFO    :   geocent_time = 1126259642.413
08:58 INFO    :   ra = 1.375
08:58 INFO    :   dec = -1.2108
08:58 INFO    :   lambda_1 = 342.4622864681741
08:58 INFO    :   lambda_2 = 779.6186030639271
08:58 INFO    : No prior given, using default BNS priors in /home/iuliu/anaconda3/envs/work/lib/python3.9/site-packages/bilby/gw/prior_files/aligned_spins_bns_tides_on.prior.
08:58 INFO    : Running for label 'bns_inference_17.0', output will be saved to 'outdir'
08:58 INFO    : Performing redundancy check using BBHPriorDict(self).test_redundancy
08:58 INFO    : Performing redundancy check using BBHPriorDict(self).test_redundancy
08:58 INFO    : Performing redundancy check using BBHPriorDict(self).test_redundancy
08:58 INFO    : Performing redundancy check using BBHPriorDict(self).test_redundancy
08:58 INFO    : Performing redundancy check using BBHPriorDict(self).test_redundancy
08:58 INFO    : Performing redundancy check using BBHPriorDict(self).test_redundancy
08:58 INFO    : Performing redundancy check using BBHPriorDict(self).test_redundancy
08:58 INFO    : Performing redundancy check using BBHPriorDict(self).test_redundancy
08:58 INFO    : Performing redundancy check using BBHPriorDict(self).test_redundancy
08:58 INFO    : Performing redundancy check using BBHPriorDict(self).test_redundancy
08:58 INFO    : Performing redundancy check using BBHPriorDict(self).test_redundancy
08:58 INFO    : Performing redundancy check using BBHPriorDict(self).test_redundancy
08:58 INFO    : Performing redundancy check using BBHPriorDict(self).test_redundancy
08:58 INFO    : Performing redundancy check using BBHPriorDict(self).test_redundancy
08:58 INFO    : Using lal version 7.1.7
08:58 INFO    : Using lal git version Branch: None;Tag: lalsuite-v7.5;Id: bd2ad8ca448e9761e3010e519a656789332ea28a;;Builder: Unknown User <>;Repository status: CLEAN: All modifications committed
08:58 INFO    : Using lalsimulation version 3.1.2
08:58 INFO    : Using lalsimulation git version Branch: None;Tag: lalsuite-v7.5;Id: bd2ad8ca448e9761e3010e519a656789332ea28a;;Builder: Unknown User <>;Repository status: CLEAN: All modifications committed
08:58 INFO    : Search parameters:
08:58 INFO    :   chirp_mass = Uniform(minimum=0.4, maximum=4.4, name='chirp_mass', latex_label='$\\mathcal{M}$', unit=None, boundary=None)
08:58 INFO    :   lambda_1 = Uniform(minimum=0, maximum=5000, name='lambda_1', latex_label='$\\Lambda_1$', unit=None, boundary=None)
08:58 INFO    :   lambda_2 = Uniform(minimum=0, maximum=5000, name='lambda_2', latex_label='$\\Lambda_2$', unit=None, boundary=None)
08:58 INFO    :   eos_check = EOSCheck(minimum=-inf, maximum=inf)
08:58 INFO    :   luminosity_distance = 200.0
08:58 INFO    :   dec = -1.2108
08:58 INFO    :   ra = 1.375
08:58 INFO    :   theta_jn = 0.4
08:58 INFO    :   psi = 2.659
08:58 INFO    :   phase = 1.3
08:58 INFO    :   chi_1 = 0.02
08:58 INFO    :   chi_2 = 0.02
08:58 INFO    :   geocent_time = 1126259642.413
08:58 INFO    :   mass_ratio = 0.8666666666666667
08:58 INFO    : Single likelihood evaluation took 6.616e-02 s
08:58 INFO    : Using sampler Dynesty with kwargs {'bound': 'multi', 'sample': 'rwalk', 'verbose': True, 'periodic': None, 'reflective': None, 'check_point_delta_t': 1800, 'nlive': 150, 'first_update': None, 'walks': 50, 'npdim': None, 'rstate': None, 'queue_size': 8, 'pool': None, 'use_pool': None, 'live_points': None, 'logl_args': None, 'logl_kwargs': None, 'ptform_args': None, 'ptform_kwargs': None, 'enlarge': 1.5, 'bootstrap': None, 'vol_dec': 0.5, 'vol_check': 8.0, 'facc': 0.2, 'slices': 5, 'update_interval': 90, 'print_func': <bound method Dynesty._print_func of <bilby.core.sampler.dynesty.Dynesty object at 0x7febaa12cd00>>, 'dlogz': 0.1, 'maxiter': None, 'maxcall': None, 'logl_max': inf, 'add_live': True, 'print_progress': True, 'save_bounds': False, 'n_effective': None, 'maxmcmc': 5000, 'nact': 5, 'print_method': 'tqdm'}
08:58 INFO    : Checkpoint every check_point_delta_t = 600s
08:58 INFO    : Using dynesty version 1.0.1
08:58 INFO    : Using the bilby-implemented rwalk sample method with ACT estimated walks
08:58 INFO    : Setting up multiproccesing pool with 8 processes.
08:58 INFO    : Resume file outdir/bns_inference_17.0_resume.pickle does not exist.
08:58 INFO    : Generating initial points from the prior
09:08 INFO    : Written checkpoint file outdir/bns_inference_17.0_resume.pickle
09:18 INFO    : Written checkpoint file outdir/bns_inference_17.0_resume.pickle
09:28 INFO    : Written checkpoint file outdir/bns_inference_17.0_resume.pickle
09:39 INFO    : Written checkpoint file outdir/bns_inference_17.0_resume.pickle
09:49 INFO    : Written checkpoint file outdir/bns_inference_17.0_resume.pickle
09:59 INFO    : Written checkpoint file outdir/bns_inference_17.0_resume.pickle
10:09 INFO    : Written checkpoint file outdir/bns_inference_17.0_resume.pickle
10:19 INFO    : Written checkpoint file outdir/bns_inference_17.0_resume.pickle
10:25 INFO    : Written checkpoint file outdir/bns_inference_17.0_resume.pickle
10:25 INFO    : Starting to close worker pool.
10:25 INFO    : Finished closing worker pool.
10:25 INFO    : Sampling time: 1:26:31.954796
10:25 INFO    : Generating sky frame parameters.
10:25 INFO    : Computing SNRs for every sample.
