09:41 INFO    : Waveform generator initiated with
  frequency_domain_source_model: bilby.gw.source.lal_binary_neutron_star
  time_domain_source_model: None
  parameter_conversion: bilby.gw.conversion.convert_to_lal_binary_neutron_star_parameters
09:41 INFO    : Injected signal in H1:
09:41 INFO    :   optimal SNR = 34.44
09:41 INFO    :   matched filter SNR = 35.76+0.42j
09:41 INFO    :   mass_1 = 1.5
09:41 INFO    :   mass_2 = 1.3
09:41 INFO    :   chi_1 = 0.02
09:41 INFO    :   chi_2 = 0.02
09:41 INFO    :   luminosity_distance = 50.0
09:41 INFO    :   theta_jn = 0.4
09:41 INFO    :   psi = 2.659
09:41 INFO    :   phase = 1.3
09:41 INFO    :   geocent_time = 1126259642.413
09:41 INFO    :   ra = 1.375
09:41 INFO    :   dec = -1.2108
09:41 INFO    :   lambda_1 = 342.4622864681741
09:41 INFO    :   lambda_2 = 779.6186030639271
09:41 INFO    : Injected signal in L1:
09:41 INFO    :   optimal SNR = 27.88
09:41 INFO    :   matched filter SNR = 28.39+1.42j
09:41 INFO    :   mass_1 = 1.5
09:41 INFO    :   mass_2 = 1.3
09:41 INFO    :   chi_1 = 0.02
09:41 INFO    :   chi_2 = 0.02
09:41 INFO    :   luminosity_distance = 50.0
09:41 INFO    :   theta_jn = 0.4
09:41 INFO    :   psi = 2.659
09:41 INFO    :   phase = 1.3
09:41 INFO    :   geocent_time = 1126259642.413
09:41 INFO    :   ra = 1.375
09:41 INFO    :   dec = -1.2108
09:41 INFO    :   lambda_1 = 342.4622864681741
09:41 INFO    :   lambda_2 = 779.6186030639271
09:41 INFO    : Injected signal in V1:
09:41 INFO    :   optimal SNR = 29.56
09:41 INFO    :   matched filter SNR = 29.93+0.53j
09:41 INFO    :   mass_1 = 1.5
09:41 INFO    :   mass_2 = 1.3
09:41 INFO    :   chi_1 = 0.02
09:41 INFO    :   chi_2 = 0.02
09:41 INFO    :   luminosity_distance = 50.0
09:41 INFO    :   theta_jn = 0.4
09:41 INFO    :   psi = 2.659
09:41 INFO    :   phase = 1.3
09:41 INFO    :   geocent_time = 1126259642.413
09:41 INFO    :   ra = 1.375
09:41 INFO    :   dec = -1.2108
09:41 INFO    :   lambda_1 = 342.4622864681741
09:41 INFO    :   lambda_2 = 779.6186030639271
09:44 INFO    : No prior given, using default BNS priors in /home/iuliu/anaconda3/envs/work/lib/python3.9/site-packages/bilby/gw/prior_files/aligned_spins_bns_tides_on.prior.
09:44 INFO    : Running for label 'bns_inference_7.0', output will be saved to 'outdir'
09:44 INFO    : Performing redundancy check using BBHPriorDict(self).test_redundancy
09:44 INFO    : Performing redundancy check using BBHPriorDict(self).test_redundancy
09:44 INFO    : Performing redundancy check using BBHPriorDict(self).test_redundancy
09:44 INFO    : Performing redundancy check using BBHPriorDict(self).test_redundancy
09:44 INFO    : Performing redundancy check using BBHPriorDict(self).test_redundancy
09:44 INFO    : Performing redundancy check using BBHPriorDict(self).test_redundancy
09:44 INFO    : Performing redundancy check using BBHPriorDict(self).test_redundancy
09:44 INFO    : Performing redundancy check using BBHPriorDict(self).test_redundancy
09:44 INFO    : Performing redundancy check using BBHPriorDict(self).test_redundancy
09:44 INFO    : Performing redundancy check using BBHPriorDict(self).test_redundancy
09:44 INFO    : Performing redundancy check using BBHPriorDict(self).test_redundancy
09:44 INFO    : Performing redundancy check using BBHPriorDict(self).test_redundancy
09:44 INFO    : Performing redundancy check using BBHPriorDict(self).test_redundancy
09:44 INFO    : Performing redundancy check using BBHPriorDict(self).test_redundancy
09:44 INFO    : Performing redundancy check using BBHPriorDict(self).test_redundancy
09:44 INFO    : Performing redundancy check using BBHPriorDict(self).test_redundancy
09:44 INFO    : Using lal version 7.1.7
09:44 INFO    : Using lal git version Branch: None;Tag: lalsuite-v7.5;Id: bd2ad8ca448e9761e3010e519a656789332ea28a;;Builder: Unknown User <>;Repository status: CLEAN: All modifications committed
09:44 INFO    : Using lalsimulation version 3.1.2
09:44 INFO    : Using lalsimulation git version Branch: None;Tag: lalsuite-v7.5;Id: bd2ad8ca448e9761e3010e519a656789332ea28a;;Builder: Unknown User <>;Repository status: CLEAN: All modifications committed
09:44 INFO    : Search parameters:
09:44 INFO    :   mass_ratio = Uniform(minimum=0.125, maximum=1, name='mass_ratio', latex_label='$q$', unit=None, boundary=None)
09:44 INFO    :   chirp_mass = Uniform(minimum=0.4, maximum=4.4, name='chirp_mass', latex_label='$\\mathcal{M}$', unit=None, boundary=None)
09:44 INFO    :   lambda_1 = Uniform(minimum=0, maximum=5000, name='lambda_1', latex_label='$\\Lambda_1$', unit=None, boundary=None)
09:44 INFO    :   lambda_2 = Uniform(minimum=0, maximum=5000, name='lambda_2', latex_label='$\\Lambda_2$', unit=None, boundary=None)
09:44 INFO    :   mass_1 = Constraint(minimum=0.5, maximum=5, name='mass_1', latex_label='$m_1$', unit=None)
09:44 INFO    :   mass_2 = Constraint(minimum=0.5, maximum=5, name='mass_2', latex_label='$m_2$', unit=None)
09:44 INFO    :   eos_check = EOSCheck(minimum=-inf, maximum=inf)
09:44 INFO    :   luminosity_distance = 50.0
09:44 INFO    :   dec = -1.2108
09:44 INFO    :   ra = 1.375
09:44 INFO    :   theta_jn = 0.4
09:44 INFO    :   psi = 2.659
09:44 INFO    :   phase = 1.3
09:44 INFO    :   chi_1 = 0.02
09:44 INFO    :   chi_2 = 0.02
09:44 INFO    :   geocent_time = 1126259642.413
09:44 INFO    : Single likelihood evaluation took 5.001e-02 s
09:44 INFO    : Using sampler Dynesty with kwargs {'bound': 'multi', 'sample': 'rwalk', 'verbose': True, 'periodic': None, 'reflective': None, 'check_point_delta_t': 1800, 'nlive': 150, 'first_update': None, 'walks': 25, 'npdim': None, 'rstate': None, 'queue_size': 8, 'pool': None, 'use_pool': None, 'live_points': None, 'logl_args': None, 'logl_kwargs': None, 'ptform_args': None, 'ptform_kwargs': None, 'enlarge': 1.5, 'bootstrap': None, 'vol_dec': 0.5, 'vol_check': 8.0, 'facc': 0.2, 'slices': 5, 'update_interval': 90, 'print_func': <bound method Dynesty._print_func of <bilby.core.sampler.dynesty.Dynesty object at 0x7fd4e5aa4310>>, 'dlogz': 0.1, 'maxiter': None, 'maxcall': None, 'logl_max': inf, 'add_live': True, 'print_progress': True, 'save_bounds': False, 'n_effective': None, 'maxmcmc': 5000, 'nact': 5, 'print_method': 'tqdm'}
09:44 INFO    : Checkpoint every check_point_delta_t = 600s
09:44 INFO    : Using dynesty version 1.0.1
09:44 INFO    : Using the bilby-implemented rwalk sample method with ACT estimated walks
09:44 INFO    : Setting up multiproccesing pool with 8 processes.
09:44 INFO    : Resume file outdir/bns_inference_7.0_resume.pickle does not exist.
09:44 INFO    : Generating initial points from the prior
09:55 INFO    : Written checkpoint file outdir/bns_inference_7.0_resume.pickle
10:05 INFO    : Written checkpoint file outdir/bns_inference_7.0_resume.pickle
10:15 INFO    : Written checkpoint file outdir/bns_inference_7.0_resume.pickle
10:25 INFO    : Written checkpoint file outdir/bns_inference_7.0_resume.pickle
10:35 INFO    : Written checkpoint file outdir/bns_inference_7.0_resume.pickle
10:37 INFO    : Written checkpoint file outdir/bns_inference_7.0_resume.pickle
10:37 INFO    : Starting to close worker pool.
10:37 INFO    : Finished closing worker pool.
10:37 INFO    : Sampling time: 0:52:16.381519
10:37 INFO    : Generating sky frame parameters.
10:37 INFO    : Computing SNRs for every sample.
10:41 INFO    : Waveform generator initiated with
  frequency_domain_source_model: bilby.gw.source.lal_binary_neutron_star
  time_domain_source_model: None
  parameter_conversion: bilby.gw.conversion.convert_to_lal_binary_neutron_star_parameters
10:41 INFO    : Injected signal in H1:
10:41 INFO    :   optimal SNR = 34.44
10:41 INFO    :   matched filter SNR = 35.76+0.42j
10:41 INFO    :   mass_1 = 1.5
10:41 INFO    :   mass_2 = 1.3
10:41 INFO    :   chi_1 = 0.02
10:41 INFO    :   chi_2 = 0.02
10:41 INFO    :   luminosity_distance = 50.0
10:41 INFO    :   theta_jn = 0.4
10:41 INFO    :   psi = 2.659
10:41 INFO    :   phase = 1.3
10:41 INFO    :   geocent_time = 1126259642.413
10:41 INFO    :   ra = 1.375
10:41 INFO    :   dec = -1.2108
10:41 INFO    :   lambda_1 = 342.4622864681741
10:41 INFO    :   lambda_2 = 779.6186030639271
10:41 INFO    : Injected signal in L1:
10:41 INFO    :   optimal SNR = 27.88
10:41 INFO    :   matched filter SNR = 28.39+1.42j
10:41 INFO    :   mass_1 = 1.5
10:41 INFO    :   mass_2 = 1.3
10:41 INFO    :   chi_1 = 0.02
10:41 INFO    :   chi_2 = 0.02
10:41 INFO    :   luminosity_distance = 50.0
10:41 INFO    :   theta_jn = 0.4
10:41 INFO    :   psi = 2.659
10:41 INFO    :   phase = 1.3
10:41 INFO    :   geocent_time = 1126259642.413
10:41 INFO    :   ra = 1.375
10:41 INFO    :   dec = -1.2108
10:41 INFO    :   lambda_1 = 342.4622864681741
10:41 INFO    :   lambda_2 = 779.6186030639271
10:41 INFO    : Injected signal in V1:
10:41 INFO    :   optimal SNR = 29.56
10:41 INFO    :   matched filter SNR = 29.93+0.53j
10:41 INFO    :   mass_1 = 1.5
10:41 INFO    :   mass_2 = 1.3
10:41 INFO    :   chi_1 = 0.02
10:41 INFO    :   chi_2 = 0.02
10:41 INFO    :   luminosity_distance = 50.0
10:41 INFO    :   theta_jn = 0.4
10:41 INFO    :   psi = 2.659
10:41 INFO    :   phase = 1.3
10:41 INFO    :   geocent_time = 1126259642.413
10:41 INFO    :   ra = 1.375
10:41 INFO    :   dec = -1.2108
10:41 INFO    :   lambda_1 = 342.4622864681741
10:41 INFO    :   lambda_2 = 779.6186030639271
10:41 INFO    : No prior given, using default BNS priors in /home/iuliu/anaconda3/envs/work/lib/python3.9/site-packages/bilby/gw/prior_files/aligned_spins_bns_tides_on.prior.
10:41 INFO    : Running for label 'bns_inference_7.0', output will be saved to 'outdir'
10:41 INFO    : Performing redundancy check using BBHPriorDict(self).test_redundancy
10:41 INFO    : Performing redundancy check using BBHPriorDict(self).test_redundancy
10:41 INFO    : Performing redundancy check using BBHPriorDict(self).test_redundancy
10:41 INFO    : Performing redundancy check using BBHPriorDict(self).test_redundancy
10:41 INFO    : Performing redundancy check using BBHPriorDict(self).test_redundancy
10:41 INFO    : Performing redundancy check using BBHPriorDict(self).test_redundancy
10:41 INFO    : Performing redundancy check using BBHPriorDict(self).test_redundancy
10:41 INFO    : Performing redundancy check using BBHPriorDict(self).test_redundancy
10:41 INFO    : Performing redundancy check using BBHPriorDict(self).test_redundancy
10:41 INFO    : Performing redundancy check using BBHPriorDict(self).test_redundancy
10:41 INFO    : Performing redundancy check using BBHPriorDict(self).test_redundancy
10:41 INFO    : Performing redundancy check using BBHPriorDict(self).test_redundancy
10:41 INFO    : Performing redundancy check using BBHPriorDict(self).test_redundancy
10:41 INFO    : Performing redundancy check using BBHPriorDict(self).test_redundancy
10:41 INFO    : Performing redundancy check using BBHPriorDict(self).test_redundancy
10:41 INFO    : Performing redundancy check using BBHPriorDict(self).test_redundancy
10:41 INFO    : Using lal version 7.1.7
10:41 INFO    : Using lal git version Branch: None;Tag: lalsuite-v7.5;Id: bd2ad8ca448e9761e3010e519a656789332ea28a;;Builder: Unknown User <>;Repository status: CLEAN: All modifications committed
10:41 INFO    : Using lalsimulation version 3.1.2
10:41 INFO    : Using lalsimulation git version Branch: None;Tag: lalsuite-v7.5;Id: bd2ad8ca448e9761e3010e519a656789332ea28a;;Builder: Unknown User <>;Repository status: CLEAN: All modifications committed
10:41 INFO    : Search parameters:
10:41 INFO    :   mass_ratio = Uniform(minimum=0.125, maximum=1, name='mass_ratio', latex_label='$q$', unit=None, boundary=None)
10:41 INFO    :   chirp_mass = Uniform(minimum=0.4, maximum=4.4, name='chirp_mass', latex_label='$\\mathcal{M}$', unit=None, boundary=None)
10:41 INFO    :   lambda_1 = Uniform(minimum=0, maximum=5000, name='lambda_1', latex_label='$\\Lambda_1$', unit=None, boundary=None)
10:41 INFO    :   lambda_2 = Uniform(minimum=0, maximum=5000, name='lambda_2', latex_label='$\\Lambda_2$', unit=None, boundary=None)
10:41 INFO    :   mass_1 = Constraint(minimum=0.5, maximum=5, name='mass_1', latex_label='$m_1$', unit=None)
10:41 INFO    :   mass_2 = Constraint(minimum=0.5, maximum=5, name='mass_2', latex_label='$m_2$', unit=None)
10:41 INFO    :   eos_check = EOSCheck(minimum=-inf, maximum=inf)
10:41 INFO    :   luminosity_distance = 50.0
10:41 INFO    :   dec = -1.2108
10:41 INFO    :   ra = 1.375
10:41 INFO    :   theta_jn = 0.4
10:41 INFO    :   psi = 2.659
10:41 INFO    :   phase = 1.3
10:41 INFO    :   chi_1 = 0.02
10:41 INFO    :   chi_2 = 0.02
10:41 INFO    :   geocent_time = 1126259642.413
10:41 INFO    : Single likelihood evaluation took 4.909e-02 s
10:41 INFO    : Checkpoint every check_point_delta_t = 600s
10:41 WARNING : Using cached result
10:41 INFO    : Generating sky frame parameters.
10:41 INFO    : Computing SNRs for every sample.
10:41 INFO    : Using a pool with size 4 for nsamples=3405
10:42 INFO    : Summary of results:
nsamples: 3405
ln_noise_evidence: -95859.848
ln_evidence: -96050.261 +/-  0.492
ln_bayes_factor: -190.413 +/-  0.492

10:45 INFO    : Waveform generator initiated with
  frequency_domain_source_model: bilby.gw.source.lal_binary_neutron_star
  time_domain_source_model: None
  parameter_conversion: bilby.gw.conversion.convert_to_lal_binary_neutron_star_parameters
10:45 INFO    : Injected signal in H1:
10:45 INFO    :   optimal SNR = 34.44
10:45 INFO    :   matched filter SNR = 35.76+0.42j
10:45 INFO    :   mass_1 = 1.5
10:45 INFO    :   mass_2 = 1.3
10:45 INFO    :   chi_1 = 0.02
10:45 INFO    :   chi_2 = 0.02
10:45 INFO    :   luminosity_distance = 50.0
10:45 INFO    :   theta_jn = 0.4
10:45 INFO    :   psi = 2.659
10:45 INFO    :   phase = 1.3
10:45 INFO    :   geocent_time = 1126259642.413
10:45 INFO    :   ra = 1.375
10:45 INFO    :   dec = -1.2108
10:45 INFO    :   lambda_1 = 342.4622864681741
10:45 INFO    :   lambda_2 = 779.6186030639271
10:45 INFO    : Injected signal in L1:
10:45 INFO    :   optimal SNR = 27.88
10:45 INFO    :   matched filter SNR = 28.39+1.42j
10:45 INFO    :   mass_1 = 1.5
10:45 INFO    :   mass_2 = 1.3
10:45 INFO    :   chi_1 = 0.02
10:45 INFO    :   chi_2 = 0.02
10:45 INFO    :   luminosity_distance = 50.0
10:45 INFO    :   theta_jn = 0.4
10:45 INFO    :   psi = 2.659
10:45 INFO    :   phase = 1.3
10:45 INFO    :   geocent_time = 1126259642.413
10:45 INFO    :   ra = 1.375
10:45 INFO    :   dec = -1.2108
10:45 INFO    :   lambda_1 = 342.4622864681741
10:45 INFO    :   lambda_2 = 779.6186030639271
10:45 INFO    : Injected signal in V1:
10:45 INFO    :   optimal SNR = 29.56
10:45 INFO    :   matched filter SNR = 29.93+0.53j
10:45 INFO    :   mass_1 = 1.5
10:45 INFO    :   mass_2 = 1.3
10:45 INFO    :   chi_1 = 0.02
10:45 INFO    :   chi_2 = 0.02
10:45 INFO    :   luminosity_distance = 50.0
10:45 INFO    :   theta_jn = 0.4
10:45 INFO    :   psi = 2.659
10:45 INFO    :   phase = 1.3
10:45 INFO    :   geocent_time = 1126259642.413
10:45 INFO    :   ra = 1.375
10:45 INFO    :   dec = -1.2108
10:45 INFO    :   lambda_1 = 342.4622864681741
10:45 INFO    :   lambda_2 = 779.6186030639271
10:46 INFO    : No prior given, using default BNS priors in /home/iuliu/anaconda3/envs/work/lib/python3.9/site-packages/bilby/gw/prior_files/aligned_spins_bns_tides_on.prior.
10:46 INFO    : Running for label 'bns_inference_8.0', output will be saved to 'outdir'
10:46 INFO    : Performing redundancy check using BBHPriorDict(self).test_redundancy
10:46 INFO    : Performing redundancy check using BBHPriorDict(self).test_redundancy
10:46 INFO    : Performing redundancy check using BBHPriorDict(self).test_redundancy
10:46 INFO    : Performing redundancy check using BBHPriorDict(self).test_redundancy
10:46 INFO    : Performing redundancy check using BBHPriorDict(self).test_redundancy
10:46 INFO    : Performing redundancy check using BBHPriorDict(self).test_redundancy
10:46 INFO    : Performing redundancy check using BBHPriorDict(self).test_redundancy
10:46 INFO    : Performing redundancy check using BBHPriorDict(self).test_redundancy
10:46 INFO    : Performing redundancy check using BBHPriorDict(self).test_redundancy
10:46 INFO    : Performing redundancy check using BBHPriorDict(self).test_redundancy
10:46 INFO    : Performing redundancy check using BBHPriorDict(self).test_redundancy
10:46 INFO    : Performing redundancy check using BBHPriorDict(self).test_redundancy
10:46 INFO    : Performing redundancy check using BBHPriorDict(self).test_redundancy
10:46 INFO    : Performing redundancy check using BBHPriorDict(self).test_redundancy
10:46 INFO    : Performing redundancy check using BBHPriorDict(self).test_redundancy
10:46 INFO    : Performing redundancy check using BBHPriorDict(self).test_redundancy
10:46 INFO    : Performing redundancy check using BBHPriorDict(self).test_redundancy
10:46 INFO    : Using lal version 7.1.7
10:46 INFO    : Using lal git version Branch: None;Tag: lalsuite-v7.5;Id: bd2ad8ca448e9761e3010e519a656789332ea28a;;Builder: Unknown User <>;Repository status: CLEAN: All modifications committed
10:46 INFO    : Using lalsimulation version 3.1.2
10:46 INFO    : Using lalsimulation git version Branch: None;Tag: lalsuite-v7.5;Id: bd2ad8ca448e9761e3010e519a656789332ea28a;;Builder: Unknown User <>;Repository status: CLEAN: All modifications committed
10:46 INFO    : Search parameters:
10:46 INFO    :   mass_ratio = Uniform(minimum=0.125, maximum=1, name='mass_ratio', latex_label='$q$', unit=None, boundary=None)
10:46 INFO    :   chirp_mass = Gaussian(mu=1.215, sigma=0.1, name='chirp_mass', latex_label='$\\mathcal{M}$', unit='$M_{\\odot}$', boundary=None)
10:46 INFO    :   lambda_1 = Uniform(minimum=0, maximum=5000, name='lambda_1', latex_label='$\\Lambda_1$', unit=None, boundary=None)
10:46 INFO    :   lambda_2 = Uniform(minimum=0, maximum=5000, name='lambda_2', latex_label='$\\Lambda_2$', unit=None, boundary=None)
10:46 INFO    :   symmetric_mass_ratio = Uniform(minimum=0.1, maximum=0.25, name='symmetric_mass_ratio', latex_label='$\\eta$', unit=None, boundary=None)
10:46 INFO    :   mass_1 = Constraint(minimum=0.5, maximum=5, name='mass_1', latex_label='$m_1$', unit=None)
10:46 INFO    :   mass_2 = Constraint(minimum=0.5, maximum=5, name='mass_2', latex_label='$m_2$', unit=None)
10:46 INFO    :   eos_check = EOSCheck(minimum=-inf, maximum=inf)
10:46 INFO    :   luminosity_distance = 50.0
10:46 INFO    :   dec = -1.2108
10:46 INFO    :   ra = 1.375
10:46 INFO    :   theta_jn = 0.4
10:46 INFO    :   psi = 2.659
10:46 INFO    :   phase = 1.3
10:46 INFO    :   chi_1 = 0.02
10:46 INFO    :   chi_2 = 0.02
10:46 INFO    :   geocent_time = 1126259642.413
10:46 WARNING : {'mass_2', 'mass_1', 'chirp_mass', 'symmetric_mass_ratio'} already in prior. This may lead to unexpected behaviour.
10:46 WARNING : mass_ratio is a redundant key in this BNSPriorDict.
10:46 WARNING : {'mass_2', 'mass_1', 'mass_ratio', 'symmetric_mass_ratio'} already in prior. This may lead to unexpected behaviour.
10:46 WARNING : chirp_mass is a redundant key in this BNSPriorDict.
10:46 WARNING : {'mass_2', 'mass_1', 'mass_ratio', 'chirp_mass'} already in prior. This may lead to unexpected behaviour.
10:46 WARNING : symmetric_mass_ratio is a redundant key in this BNSPriorDict.
10:47 INFO    : No prior given, using default BNS priors in /home/iuliu/anaconda3/envs/work/lib/python3.9/site-packages/bilby/gw/prior_files/aligned_spins_bns_tides_on.prior.
10:47 INFO    : Running for label 'bns_inference_8.0', output will be saved to 'outdir'
10:47 INFO    : Performing redundancy check using BBHPriorDict(self).test_redundancy
10:47 INFO    : Performing redundancy check using BBHPriorDict(self).test_redundancy
10:47 INFO    : Performing redundancy check using BBHPriorDict(self).test_redundancy
10:47 INFO    : Performing redundancy check using BBHPriorDict(self).test_redundancy
10:47 INFO    : Performing redundancy check using BBHPriorDict(self).test_redundancy
10:47 INFO    : Performing redundancy check using BBHPriorDict(self).test_redundancy
10:47 INFO    : Performing redundancy check using BBHPriorDict(self).test_redundancy
10:47 INFO    : Performing redundancy check using BBHPriorDict(self).test_redundancy
10:47 INFO    : Performing redundancy check using BBHPriorDict(self).test_redundancy
10:47 INFO    : Performing redundancy check using BBHPriorDict(self).test_redundancy
10:47 INFO    : Performing redundancy check using BBHPriorDict(self).test_redundancy
10:47 INFO    : Performing redundancy check using BBHPriorDict(self).test_redundancy
10:47 INFO    : Performing redundancy check using BBHPriorDict(self).test_redundancy
10:47 INFO    : Performing redundancy check using BBHPriorDict(self).test_redundancy
10:47 INFO    : Using lal version 7.1.7
10:47 INFO    : Using lal git version Branch: None;Tag: lalsuite-v7.5;Id: bd2ad8ca448e9761e3010e519a656789332ea28a;;Builder: Unknown User <>;Repository status: CLEAN: All modifications committed
10:47 INFO    : Using lalsimulation version 3.1.2
10:47 INFO    : Using lalsimulation git version Branch: None;Tag: lalsuite-v7.5;Id: bd2ad8ca448e9761e3010e519a656789332ea28a;;Builder: Unknown User <>;Repository status: CLEAN: All modifications committed
10:47 INFO    : Search parameters:
10:47 INFO    :   chirp_mass = Gaussian(mu=1.215, sigma=0.1, name='chirp_mass', latex_label='$\\mathcal{M}$', unit='$M_{\\odot}$', boundary=None)
10:47 INFO    :   lambda_1 = Uniform(minimum=0, maximum=5000, name='lambda_1', latex_label='$\\Lambda_1$', unit=None, boundary=None)
10:47 INFO    :   lambda_2 = Uniform(minimum=0, maximum=5000, name='lambda_2', latex_label='$\\Lambda_2$', unit=None, boundary=None)
10:47 INFO    :   symmetric_mass_ratio = Uniform(minimum=0.1, maximum=0.25, name='symmetric_mass_ratio', latex_label='$\\eta$', unit=None, boundary=None)
10:47 INFO    :   eos_check = EOSCheck(minimum=-inf, maximum=inf)
10:47 INFO    :   luminosity_distance = 50.0
10:47 INFO    :   dec = -1.2108
10:47 INFO    :   ra = 1.375
10:47 INFO    :   theta_jn = 0.4
10:47 INFO    :   psi = 2.659
10:47 INFO    :   phase = 1.3
10:47 INFO    :   chi_1 = 0.02
10:47 INFO    :   chi_2 = 0.02
10:47 INFO    :   geocent_time = 1126259642.413
10:47 INFO    : Single likelihood evaluation took 4.904e-02 s
10:47 INFO    : Using sampler Dynesty with kwargs {'bound': 'multi', 'sample': 'rwalk', 'verbose': True, 'periodic': None, 'reflective': None, 'check_point_delta_t': 1800, 'nlive': 250, 'first_update': None, 'walks': 50, 'npdim': None, 'rstate': None, 'queue_size': 4, 'pool': None, 'use_pool': None, 'live_points': None, 'logl_args': None, 'logl_kwargs': None, 'ptform_args': None, 'ptform_kwargs': None, 'enlarge': 1.5, 'bootstrap': None, 'vol_dec': 0.5, 'vol_check': 8.0, 'facc': 0.2, 'slices': 5, 'update_interval': 150, 'print_func': <bound method Dynesty._print_func of <bilby.core.sampler.dynesty.Dynesty object at 0x7fa94ea2aca0>>, 'dlogz': 0.1, 'maxiter': None, 'maxcall': None, 'logl_max': inf, 'add_live': True, 'print_progress': True, 'save_bounds': False, 'n_effective': None, 'maxmcmc': 5000, 'nact': 5, 'print_method': 'tqdm'}
10:47 INFO    : Checkpoint every check_point_delta_t = 600s
10:47 INFO    : Using dynesty version 1.0.1
10:47 INFO    : Using the bilby-implemented rwalk sample method with ACT estimated walks
10:47 INFO    : Setting up multiproccesing pool with 4 processes.
10:47 INFO    : Resume file outdir/bns_inference_8.0_resume.pickle does not exist.
10:47 INFO    : Generating initial points from the prior
10:57 INFO    : Written checkpoint file outdir/bns_inference_8.0_resume.pickle
10:57 WARNING : singular matrix
10:57 WARNING : Failed to create dynesty state plot at checkpoint
10:57 WARNING : singular matrix
10:57 WARNING : Failed to create dynesty unit state plot at checkpoint
10:57 WARNING : singular matrix
10:57 WARNING : Failed to create dynesty run plot at checkpoint
11:08 INFO    : Written checkpoint file outdir/bns_inference_8.0_resume.pickle
11:08 WARNING : singular matrix
11:08 WARNING : Failed to create dynesty state plot at checkpoint
11:08 WARNING : singular matrix
11:08 WARNING : Failed to create dynesty unit state plot at checkpoint
11:08 WARNING : singular matrix
11:08 WARNING : Failed to create dynesty run plot at checkpoint
11:18 INFO    : Written checkpoint file outdir/bns_inference_8.0_resume.pickle
11:18 WARNING : singular matrix
11:18 WARNING : Failed to create dynesty state plot at checkpoint
11:18 WARNING : singular matrix
11:18 WARNING : Failed to create dynesty unit state plot at checkpoint
11:18 WARNING : singular matrix
11:18 WARNING : Failed to create dynesty run plot at checkpoint
11:29 INFO    : Written checkpoint file outdir/bns_inference_8.0_resume.pickle
11:29 WARNING : Axis limits cannot be NaN or Inf
11:29 WARNING : Failed to create dynesty run plot at checkpoint
11:39 INFO    : Written checkpoint file outdir/bns_inference_8.0_resume.pickle
11:39 WARNING : Axis limits cannot be NaN or Inf
11:39 WARNING : Failed to create dynesty run plot at checkpoint
11:43 INFO    : Run interrupted by signal 2: checkpoint and exit on 130
11:43 INFO    : Written checkpoint file outdir/bns_inference_8.0_resume.pickle
11:43 INFO    : Starting to close worker pool.
11:43 INFO    : Finished closing worker pool.
